This is pdfTeX, Version 3.141592653-2.6-1.40.22 (TeX Live 2021) (preloaded format=pdflatex 2021.4.29)  2 MAY 2021 12:26
entering extended mode
 restricted \write18 enabled.
 %&-line parsing enabled.
**MATH60604A_Statistical_modelling.tex
(./MATH60604A_Statistical_modelling.tex
LaTeX2e <2020-10-01> patch level 4
L3 programming layer <2021-02-18> (/home/lbelzile/.TinyTeX/texmf-dist/tex/latex
/base/book.cls
Document Class: book 2020/04/10 v1.4m Standard LaTeX document class
(/home/lbelzile/.TinyTeX/texmf-dist/tex/latex/base/bk11.clo
File: bk11.clo 2020/04/10 v1.4m Standard LaTeX file (size option)
)
\c@part=\count179
\c@chapter=\count180
\c@section=\count181
\c@subsection=\count182
\c@subsubsection=\count183
\c@paragraph=\count184
\c@subparagraph=\count185
\c@figure=\count186
\c@table=\count187
\abovecaptionskip=\skip47
\belowcaptionskip=\skip48
\bibindent=\dimen138
) (/home/lbelzile/.TinyTeX/texmf-dist/tex/latex/amsmath/amsmath.sty
Package: amsmath 2020/09/23 v2.17i AMS math features
\@mathmargin=\skip49
For additional information on amsmath, use the `?' option.
(/home/lbelzile/.TinyTeX/texmf-dist/tex/latex/amsmath/amstext.sty
Package: amstext 2000/06/29 v2.01 AMS text
(/home/lbelzile/.TinyTeX/texmf-dist/tex/latex/amsmath/amsgen.sty
File: amsgen.sty 1999/11/30 v2.0 generic functions
\@emptytoks=\toks15
\ex@=\dimen139
)) (/home/lbelzile/.TinyTeX/texmf-dist/tex/latex/amsmath/amsbsy.sty
Package: amsbsy 1999/11/29 v1.2d Bold Symbols
\pmbraise@=\dimen140
) (/home/lbelzile/.TinyTeX/texmf-dist/tex/latex/amsmath/amsopn.sty
Package: amsopn 2016/03/08 v2.02 operator names
)
\inf@bad=\count188
LaTeX Info: Redefining \frac on input line 234.
\uproot@=\count189
\leftroot@=\count190
LaTeX Info: Redefining \overline on input line 399.
\classnum@=\count191
\DOTSCASE@=\count192
LaTeX Info: Redefining \ldots on input line 496.
LaTeX Info: Redefining \dots on input line 499.
LaTeX Info: Redefining \cdots on input line 620.
\Mathstrutbox@=\box47
\strutbox@=\box48
\big@size=\dimen141
LaTeX Font Info:    Redeclaring font encoding OML on input line 743.
LaTeX Font Info:    Redeclaring font encoding OMS on input line 744.
\macc@depth=\count193
\c@MaxMatrixCols=\count194
\dotsspace@=\muskip16
\c@parentequation=\count195
\dspbrk@lvl=\count196
\tag@help=\toks16
\row@=\count197
\column@=\count198
\maxfields@=\count199
\andhelp@=\toks17
\eqnshift@=\dimen142
\alignsep@=\dimen143
\tagshift@=\dimen144
\tagwidth@=\dimen145
\totwidth@=\dimen146
\lineht@=\dimen147
\@envbody=\toks18
\multlinegap=\skip50
\multlinetaggap=\skip51
\mathdisplay@stack=\toks19
LaTeX Info: Redefining \[ on input line 2923.
LaTeX Info: Redefining \] on input line 2924.
) (/home/lbelzile/.TinyTeX/texmf-dist/tex/latex/amsfonts/amssymb.sty
Package: amssymb 2013/01/14 v3.01 AMS font symbols
(/home/lbelzile/.TinyTeX/texmf-dist/tex/latex/amsfonts/amsfonts.sty
Package: amsfonts 2013/01/14 v3.01 Basic AMSFonts support
\symAMSa=\mathgroup4
\symAMSb=\mathgroup5
LaTeX Font Info:    Redeclaring math symbol \hbar on input line 98.
LaTeX Font Info:    Overwriting math alphabet `\mathfrak' in version `bold'
(Font)                  U/euf/m/n --> U/euf/b/n on input line 106.
)) (/home/lbelzile/.TinyTeX/texmf-dist/tex/latex/lm/lmodern.sty
Package: lmodern 2015/05/01 v1.6.1 Latin Modern Fonts
LaTeX Font Info:    Overwriting symbol font `operators' in version `normal'
(Font)                  OT1/cmr/m/n --> OT1/lmr/m/n on input line 22.
LaTeX Font Info:    Overwriting symbol font `letters' in version `normal'
(Font)                  OML/cmm/m/it --> OML/lmm/m/it on input line 23.
LaTeX Font Info:    Overwriting symbol font `symbols' in version `normal'
(Font)                  OMS/cmsy/m/n --> OMS/lmsy/m/n on input line 24.
LaTeX Font Info:    Overwriting symbol font `largesymbols' in version `normal'
(Font)                  OMX/cmex/m/n --> OMX/lmex/m/n on input line 25.
LaTeX Font Info:    Overwriting symbol font `operators' in version `bold'
(Font)                  OT1/cmr/bx/n --> OT1/lmr/bx/n on input line 26.
LaTeX Font Info:    Overwriting symbol font `letters' in version `bold'
(Font)                  OML/cmm/b/it --> OML/lmm/b/it on input line 27.
LaTeX Font Info:    Overwriting symbol font `symbols' in version `bold'
(Font)                  OMS/cmsy/b/n --> OMS/lmsy/b/n on input line 28.
LaTeX Font Info:    Overwriting symbol font `largesymbols' in version `bold'
(Font)                  OMX/cmex/m/n --> OMX/lmex/m/n on input line 29.
LaTeX Font Info:    Overwriting math alphabet `\mathbf' in version `normal'
(Font)                  OT1/cmr/bx/n --> OT1/lmr/bx/n on input line 31.
LaTeX Font Info:    Overwriting math alphabet `\mathsf' in version `normal'
(Font)                  OT1/cmss/m/n --> OT1/lmss/m/n on input line 32.
LaTeX Font Info:    Overwriting math alphabet `\mathit' in version `normal'
(Font)                  OT1/cmr/m/it --> OT1/lmr/m/it on input line 33.
LaTeX Font Info:    Overwriting math alphabet `\mathtt' in version `normal'
(Font)                  OT1/cmtt/m/n --> OT1/lmtt/m/n on input line 34.
LaTeX Font Info:    Overwriting math alphabet `\mathbf' in version `bold'
(Font)                  OT1/cmr/bx/n --> OT1/lmr/bx/n on input line 35.
LaTeX Font Info:    Overwriting math alphabet `\mathsf' in version `bold'
(Font)                  OT1/cmss/bx/n --> OT1/lmss/bx/n on input line 36.
LaTeX Font Info:    Overwriting math alphabet `\mathit' in version `bold'
(Font)                  OT1/cmr/bx/it --> OT1/lmr/bx/it on input line 37.
LaTeX Font Info:    Overwriting math alphabet `\mathtt' in version `bold'
(Font)                  OT1/cmtt/m/n --> OT1/lmtt/m/n on input line 38.
) (/home/lbelzile/.TinyTeX/texmf-dist/tex/generic/iftex/iftex.sty
Package: iftex 2020/03/06 v1.0d TeX engine tests
) (/home/lbelzile/.TinyTeX/texmf-dist/tex/latex/base/fontenc.sty
Package: fontenc 2020/08/10 v2.0s Standard LaTeX package
LaTeX Font Info:    Trying to load font information for T1+lmr on input line 11
2.
(/home/lbelzile/.TinyTeX/texmf-dist/tex/latex/lm/t1lmr.fd
File: t1lmr.fd 2015/05/01 v1.6.1 Font defs for Latin Modern
)) (/home/lbelzile/.TinyTeX/texmf-dist/tex/latex/base/inputenc.sty
Package: inputenc 2020/08/01 v1.3d Input encoding file
\inpenc@prehook=\toks20
\inpenc@posthook=\toks21
) (/home/lbelzile/.TinyTeX/texmf-dist/tex/latex/base/textcomp.sty
Package: textcomp 2020/02/02 v2.0n Standard LaTeX package
) (/home/lbelzile/.TinyTeX/texmf-dist/tex/latex/xcolor/xcolor.sty
Package: xcolor 2016/05/11 v2.12 LaTeX color extensions (UK)
(/home/lbelzile/.TinyTeX/texmf-dist/tex/latex/graphics-cfg/color.cfg
File: color.cfg 2016/01/02 v1.6 sample color configuration
)
Package xcolor Info: Driver file: pdftex.def on input line 225.
(/home/lbelzile/.TinyTeX/texmf-dist/tex/latex/graphics-def/pdftex.def
File: pdftex.def 2020/10/05 v1.2a Graphics/color driver for pdftex
)
Package xcolor Info: Model `cmy' substituted by `cmy0' on input line 1348.
Package xcolor Info: Model `hsb' substituted by `rgb' on input line 1352.
Package xcolor Info: Model `RGB' extended on input line 1364.
Package xcolor Info: Model `HTML' substituted by `rgb' on input line 1366.
Package xcolor Info: Model `Hsb' substituted by `hsb' on input line 1367.
Package xcolor Info: Model `tHsb' substituted by `hsb' on input line 1368.
Package xcolor Info: Model `HSB' substituted by `hsb' on input line 1369.
Package xcolor Info: Model `Gray' substituted by `gray' on input line 1370.
Package xcolor Info: Model `wave' substituted by `hsb' on input line 1371.
) (/home/lbelzile/.TinyTeX/texmf-dist/tex/latex/hyperref/hyperref.sty
Package: hyperref 2021-02-27 v7.00k Hypertext links for LaTeX
(/home/lbelzile/.TinyTeX/texmf-dist/tex/generic/ltxcmds/ltxcmds.sty
Package: ltxcmds 2020-05-10 v1.25 LaTeX kernel commands for general use (HO)
) (/home/lbelzile/.TinyTeX/texmf-dist/tex/generic/pdftexcmds/pdftexcmds.sty
Package: pdftexcmds 2020-06-27 v0.33 Utility functions of pdfTeX for LuaTeX (HO
)
(/home/lbelzile/.TinyTeX/texmf-dist/tex/generic/infwarerr/infwarerr.sty
Package: infwarerr 2019/12/03 v1.5 Providing info/warning/error messages (HO)
)
Package pdftexcmds Info: \pdf@primitive is available.
Package pdftexcmds Info: \pdf@ifprimitive is available.
Package pdftexcmds Info: \pdfdraftmode found.
) (/home/lbelzile/.TinyTeX/texmf-dist/tex/latex/graphics/keyval.sty
Package: keyval 2014/10/28 v1.15 key=value parser (DPC)
\KV@toks@=\toks22
) (/home/lbelzile/.TinyTeX/texmf-dist/tex/generic/kvsetkeys/kvsetkeys.sty
Package: kvsetkeys 2019/12/15 v1.18 Key value parser (HO)
) (/home/lbelzile/.TinyTeX/texmf-dist/tex/generic/kvdefinekeys/kvdefinekeys.sty
Package: kvdefinekeys 2019-12-19 v1.6 Define keys (HO)
) (/home/lbelzile/.TinyTeX/texmf-dist/tex/generic/pdfescape/pdfescape.sty
Package: pdfescape 2019/12/09 v1.15 Implements pdfTeX's escape features (HO)
) (/home/lbelzile/.TinyTeX/texmf-dist/tex/latex/hycolor/hycolor.sty
Package: hycolor 2020-01-27 v1.10 Color options for hyperref/bookmark (HO)
) (/home/lbelzile/.TinyTeX/texmf-dist/tex/latex/letltxmacro/letltxmacro.sty
Package: letltxmacro 2019/12/03 v1.6 Let assignment for LaTeX macros (HO)
) (/home/lbelzile/.TinyTeX/texmf-dist/tex/latex/auxhook/auxhook.sty
Package: auxhook 2019-12-17 v1.6 Hooks for auxiliary files (HO)
) (/home/lbelzile/.TinyTeX/texmf-dist/tex/latex/kvoptions/kvoptions.sty
Package: kvoptions 2020-10-07 v3.14 Key value format for package options (HO)
)
\@linkdim=\dimen148
\Hy@linkcounter=\count266
\Hy@pagecounter=\count267
(/home/lbelzile/.TinyTeX/texmf-dist/tex/latex/hyperref/pd1enc.def
File: pd1enc.def 2021-02-27 v7.00k Hyperref: PDFDocEncoding definition (HO)
Now handling font encoding PD1 ...
... no UTF-8 mapping file for font encoding PD1
)
(/home/lbelzile/.TinyTeX/texmf-dist/tex/latex/hyperref/hyperref-langpatches.def
File: hyperref-langpatches.def 2021-02-27 v7.00k Hyperref: patches for babel la
nguages
) (/home/lbelzile/.TinyTeX/texmf-dist/tex/generic/intcalc/intcalc.sty
Package: intcalc 2019/12/15 v1.3 Expandable calculations with integers (HO)
) (/home/lbelzile/.TinyTeX/texmf-dist/tex/generic/etexcmds/etexcmds.sty
Package: etexcmds 2019/12/15 v1.7 Avoid name clashes with e-TeX commands (HO)
)
\Hy@SavedSpaceFactor=\count268
(/home/lbelzile/.TinyTeX/texmf-dist/tex/latex/hyperref/puenc.def
File: puenc.def 2021-02-27 v7.00k Hyperref: PDF Unicode definition (HO)
Now handling font encoding PU ...
... no UTF-8 mapping file for font encoding PU
)
Package hyperref Info: Option `unicode' set `true' on input line 4073.
Package hyperref Info: Hyper figures OFF on input line 4192.
Package hyperref Info: Link nesting OFF on input line 4197.
Package hyperref Info: Hyper index ON on input line 4200.
Package hyperref Info: Plain pages OFF on input line 4207.
Package hyperref Info: Backreferencing OFF on input line 4212.
Package hyperref Info: Implicit mode ON; LaTeX internals redefined.
Package hyperref Info: Bookmarks ON on input line 4445.
\c@Hy@tempcnt=\count269
(/home/lbelzile/.TinyTeX/texmf-dist/tex/latex/url/url.sty
\Urlmuskip=\muskip17
Package: url 2013/09/16  ver 3.4  Verb mode for urls, etc.
)
LaTeX Info: Redefining \url on input line 4804.
\XeTeXLinkMargin=\dimen149
(/home/lbelzile/.TinyTeX/texmf-dist/tex/generic/bitset/bitset.sty
Package: bitset 2019/12/09 v1.3 Handle bit-vector datatype (HO)
(/home/lbelzile/.TinyTeX/texmf-dist/tex/generic/bigintcalc/bigintcalc.sty
Package: bigintcalc 2019/12/15 v1.5 Expandable calculations on big integers (HO
)
))
\Fld@menulength=\count270
\Field@Width=\dimen150
\Fld@charsize=\dimen151
Package hyperref Info: Hyper figures OFF on input line 6075.
Package hyperref Info: Link nesting OFF on input line 6080.
Package hyperref Info: Hyper index ON on input line 6083.
Package hyperref Info: backreferencing OFF on input line 6090.
Package hyperref Info: Link coloring OFF on input line 6095.
Package hyperref Info: Link coloring with OCG OFF on input line 6100.
Package hyperref Info: PDF/A mode OFF on input line 6105.
LaTeX Info: Redefining \ref on input line 6145.
LaTeX Info: Redefining \pageref on input line 6149.
(/home/lbelzile/.TinyTeX/texmf-dist/tex/latex/base/atbegshi-ltx.sty
Package: atbegshi-ltx 2020/08/17 v1.0a Emulation of the original atbegshi packa
ge
with kernel methods
)
\Hy@abspage=\count271
\c@Item=\count272
\c@Hfootnote=\count273
)
Package hyperref Info: Driver (autodetected): hpdftex.
(/home/lbelzile/.TinyTeX/texmf-dist/tex/latex/hyperref/hpdftex.def
File: hpdftex.def 2021-02-27 v7.00k Hyperref driver for pdfTeX
(/home/lbelzile/.TinyTeX/texmf-dist/tex/latex/base/atveryend-ltx.sty
Package: atveryend-ltx 2020/08/19 v1.0a Emulation of the original atvery packag
e
with kernel methods
)
\Fld@listcount=\count274
\c@bookmark@seq@number=\count275

(/home/lbelzile/.TinyTeX/texmf-dist/tex/latex/rerunfilecheck/rerunfilecheck.sty
Package: rerunfilecheck 2019/12/05 v1.9 Rerun checks for auxiliary files (HO)

(/home/lbelzile/.TinyTeX/texmf-dist/tex/generic/uniquecounter/uniquecounter.sty
Package: uniquecounter 2019/12/15 v1.4 Provide unlimited unique counter (HO)
)
Package uniquecounter Info: New unique counter `rerunfilecheck' on input line 2
86.
)
\Hy@SectionHShift=\skip52
) (/home/lbelzile/.TinyTeX/texmf-dist/tex/latex/fancyvrb/fancyvrb.sty
Package: fancyvrb 2021/01/20 v3.7 verbatim text (tvz,hv)
\FV@CodeLineNo=\count276
\FV@InFile=\read2
\FV@TabBox=\box49
\c@FancyVerbLine=\count277
\FV@StepNumber=\count278
\FV@OutFile=\write3
) (/home/lbelzile/.TinyTeX/texmf-dist/tex/latex/framed/framed.sty
Package: framed 2011/10/22 v 0.96: framed or shaded text with page breaks
\OuterFrameSep=\skip53
\fb@frw=\dimen152
\fb@frh=\dimen153
\FrameRule=\dimen154
\FrameSep=\dimen155
) (/home/lbelzile/.TinyTeX/texmf-dist/tex/latex/tools/longtable.sty
Package: longtable 2020/01/07 v4.13 Multi-page Table package (DPC)
\LTleft=\skip54
\LTright=\skip55
\LTpre=\skip56
\LTpost=\skip57
\LTchunksize=\count279
\LTcapwidth=\dimen156
\LT@head=\box50
\LT@firsthead=\box51
\LT@foot=\box52
\LT@lastfoot=\box53
\LT@cols=\count280
\LT@rows=\count281
\c@LT@tables=\count282
\c@LT@chunks=\count283
\LT@p@ftn=\toks23
) (/home/lbelzile/.TinyTeX/texmf-dist/tex/latex/booktabs/booktabs.sty
Package: booktabs 2020/01/12 v1.61803398 Publication quality tables
\heavyrulewidth=\dimen157
\lightrulewidth=\dimen158
\cmidrulewidth=\dimen159
\belowrulesep=\dimen160
\belowbottomsep=\dimen161
\aboverulesep=\dimen162
\abovetopsep=\dimen163
\cmidrulesep=\dimen164
\cmidrulekern=\dimen165
\defaultaddspace=\dimen166
\@cmidla=\count284
\@cmidlb=\count285
\@aboverulesep=\dimen167
\@belowrulesep=\dimen168
\@thisruleclass=\count286
\@lastruleclass=\count287
\@thisrulewidth=\dimen169
) (/home/lbelzile/.TinyTeX/texmf-dist/tex/latex/tools/array.sty
Package: array 2020/10/01 v2.5c Tabular extension package (FMi)
\col@sep=\dimen170
\ar@mcellbox=\box54
\extrarowheight=\dimen171
\NC@list=\toks24
\extratabsurround=\skip58
\backup@length=\skip59
\ar@cellbox=\box55
) (/home/lbelzile/.TinyTeX/texmf-dist/tex/latex/tools/calc.sty
Package: calc 2017/05/25 v4.3 Infix arithmetic (KKT,FJ)
\calc@Acount=\count288
\calc@Bcount=\count289
\calc@Adimen=\dimen172
\calc@Bdimen=\dimen173
\calc@Askip=\skip60
\calc@Bskip=\skip61
LaTeX Info: Redefining \setlength on input line 80.
LaTeX Info: Redefining \addtolength on input line 81.
\calc@Ccount=\count290
\calc@Cskip=\skip62
) (/home/lbelzile/.TinyTeX/texmf-dist/tex/latex/etoolbox/etoolbox.sty
Package: etoolbox 2020/10/05 v2.5k e-TeX tools for LaTeX (JAW)
\etb@tempcnta=\count291
) (/home/lbelzile/.TinyTeX/texmf-dist/tex/latex/mdwtools/footnote.sty
Package: footnote 1997/01/28 1.13 Save footnotes around boxes
\fn@notes=\box56
\fn@width=\dimen174
) (/home/lbelzile/.TinyTeX/texmf-dist/tex/latex/graphics/graphicx.sty
Package: graphicx 2020/09/09 v1.2b Enhanced LaTeX Graphics (DPC,SPQR)
(/home/lbelzile/.TinyTeX/texmf-dist/tex/latex/graphics/graphics.sty
Package: graphics 2020/08/30 v1.4c Standard LaTeX Graphics (DPC,SPQR)
(/home/lbelzile/.TinyTeX/texmf-dist/tex/latex/graphics/trig.sty
Package: trig 2016/01/03 v1.10 sin cos tan (DPC)
) (/home/lbelzile/.TinyTeX/texmf-dist/tex/latex/graphics-cfg/graphics.cfg
File: graphics.cfg 2016/06/04 v1.11 sample graphics configuration
)
Package graphics Info: Driver file: pdftex.def on input line 105.
)
\Gin@req@height=\dimen175
\Gin@req@width=\dimen176
) (/home/lbelzile/.TinyTeX/texmf-dist/tex/latex/tools/enumerate.sty
Package: enumerate 2015/07/23 v3.00 enumerate extensions (DPC)
\@enLab=\toks25
) (/home/lbelzile/.TinyTeX/texmf-dist/tex/latex/geometry/geometry.sty
Package: geometry 2020/01/02 v5.9 Page Geometry
(/home/lbelzile/.TinyTeX/texmf-dist/tex/generic/iftex/ifvtex.sty
Package: ifvtex 2019/10/25 v1.7 ifvtex legacy package. Use iftex instead.
)
\Gm@cnth=\count292
\Gm@cntv=\count293
\c@Gm@tempcnt=\count294
\Gm@bindingoffset=\dimen177
\Gm@wd@mp=\dimen178
\Gm@odd@mp=\dimen179
\Gm@even@mp=\dimen180
\Gm@layoutwidth=\dimen181
\Gm@layoutheight=\dimen182
\Gm@layouthoffset=\dimen183
\Gm@layoutvoffset=\dimen184
\Gm@dimlist=\toks26
) (/home/lbelzile/.TinyTeX/texmf-dist/tex/latex/jknapltx/mathrsfs.sty
Package: mathrsfs 1996/01/01 Math RSFS package v1.0 (jk)
\symrsfs=\mathgroup6
) (/home/lbelzile/.TinyTeX/texmf-dist/tex/latex/psnfss/utopia.sty
Package: utopia 2020/03/25 PSNFSS-v9.3 (P.Dyballa) 

Package utopia Warning: This package is to be regarded as obsolete.
(utopia)                See the PSNFSS documentation.

)
LaTeX Font Info:    Redeclaring math alphabet \mathcal on input line 210.
(/home/lbelzile/.TinyTeX/texmf-dist/tex/latex/multirow/multirow.sty
Package: multirow 2021/03/15 v2.8 Span multiple rows of a table
\multirow@colwidth=\skip63
\multirow@cntb=\count295
\multirow@dima=\skip64
\bigstrutjot=\dimen185
) (/home/lbelzile/.TinyTeX/texmf-dist/tex/latex/wrapfig/wrapfig.sty
\wrapoverhang=\dimen186
\WF@size=\dimen187
\c@WF@wrappedlines=\count296
\WF@box=\box57
\WF@everypar=\toks27
Package: wrapfig 2003/01/31  v 3.6
) (/home/lbelzile/.TinyTeX/texmf-dist/tex/latex/float/float.sty
Package: float 2001/11/08 v1.3d Float enhancements (AL)
\c@float@type=\count297
\float@exts=\toks28
\float@box=\box58
\@float@everytoks=\toks29
\@floatcapt=\box59
) (/home/lbelzile/.TinyTeX/texmf-dist/tex/latex/colortbl/colortbl.sty
Package: colortbl 2020/01/04 v1.0e Color table columns (DPC)
\everycr=\toks30
\minrowclearance=\skip65
) (/home/lbelzile/.TinyTeX/texmf-dist/tex/latex/pdflscape/pdflscape.sty
Package: pdflscape 2019/12/05 v0.12 Display of landscape pages in PDF (HO)
(/home/lbelzile/.TinyTeX/texmf-dist/tex/latex/graphics/lscape.sty
Package: lscape 2020/05/28 v3.02 Landscape Pages (DPC)
)
Package pdflscape Info: Auto-detected driver: pdftex on input line 81.
) (/home/lbelzile/.TinyTeX/texmf-dist/tex/latex/tabu/tabu.sty
Package: tabu 2019/01/11 v2.9 - flexible LaTeX tabulars (FC+tabu-fixed)
(/home/lbelzile/.TinyTeX/texmf-dist/tex/latex/varwidth/varwidth.sty
Package: varwidth 2009/03/30 ver 0.92;  Variable-width minipages
\@vwid@box=\box60
\sift@deathcycles=\count298
\@vwid@loff=\dimen188
\@vwid@roff=\dimen189
)
\c@taburow=\count299
\tabu@nbcols=\count300
\tabu@cnt=\count301
\tabu@Xcol=\count302
\tabu@alloc=\count303
\tabu@nested=\count304
\tabu@target=\dimen190
\tabu@spreadtarget=\dimen191
\tabu@naturalX=\dimen192
\tabucolX=\dimen193
\tabu@Xsum=\dimen194
\extrarowdepth=\dimen195
\abovetabulinesep=\dimen196
\belowtabulinesep=\dimen197
\tabustrutrule=\dimen198
\tabu@thebody=\toks31
\tabu@footnotes=\toks32
\tabu@box=\box61
\tabu@arstrutbox=\box62
\tabu@hleads=\box63
\tabu@vleads=\box64
\tabu@cellskip=\skip66
)
(/home/lbelzile/.TinyTeX/texmf-dist/tex/latex/threeparttable/threeparttable.sty
Package: threeparttable 2003/06/13  v 3.0
\@tempboxb=\box65
)
(/home/lbelzile/.TinyTeX/texmf-dist/tex/latex/threeparttablex/threeparttablex.s
ty
Package: threeparttablex 2013/07/23 v0.3 by daleif
(/home/lbelzile/.TinyTeX/texmf-dist/tex/latex/environ/environ.sty
Package: environ 2014/05/04 v0.3 A new way to define environments
(/home/lbelzile/.TinyTeX/texmf-dist/tex/latex/trimspaces/trimspaces.sty
Package: trimspaces 2009/09/17 v1.1 Trim spaces around a token list
))
\TPTL@width=\skip67
) (/home/lbelzile/.TinyTeX/texmf-dist/tex/generic/ulem/ulem.sty
\UL@box=\box66
\UL@hyphenbox=\box67
\UL@skip=\skip68
\UL@hook=\toks33
\UL@height=\dimen199
\UL@pe=\count305
\UL@pixel=\dimen256
\ULC@box=\box68
Package: ulem 2019/11/18
\ULdepth=\dimen257
) (/home/lbelzile/.TinyTeX/texmf-dist/tex/latex/makecell/makecell.sty
Package: makecell 2009/08/03 V0.1e Managing of Tab Column Heads and Cells
\rotheadsize=\dimen258
\c@nlinenum=\count306
\TeXr@lab=\toks34
) (/home/lbelzile/.TinyTeX/texmf-dist/tex/latex/natbib/natbib.sty
Package: natbib 2010/09/13 8.31b (PWD, AO)
\bibhang=\skip69
\bibsep=\skip70
LaTeX Info: Redefining \cite on input line 694.
\c@NAT@ctr=\count307
) (/home/lbelzile/.TinyTeX/texmf-dist/tex/latex/amscls/amsthm.sty
Package: amsthm 2020/05/29 v2.20.6
\thm@style=\toks35
\thm@bodyfont=\toks36
\thm@headfont=\toks37
\thm@notefont=\toks38
\thm@headpunct=\toks39
\thm@preskip=\skip71
\thm@postskip=\skip72
\thm@headsep=\skip73
\dth@everypar=\toks40
)
\c@theorem=\count308
\c@lemma=\count309
\c@corollary=\count310
\c@proposition=\count311
\c@conjecture=\count312
\c@definition=\count313
\c@example=\count314
\c@exercise=\count315
\c@hypothesis=\count316
LaTeX Font Info:    Trying to load font information for T1+put on input line 25
2.
(/home/lbelzile/.TinyTeX/texmf-dist/tex/latex/psnfss/t1put.fd
File: t1put.fd 2001/06/04 font definitions for T1/put.
) (/home/lbelzile/.TinyTeX/texmf-dist/tex/latex/l3backend/l3backend-pdftex.def
File: l3backend-pdftex.def 2021-03-18 L3 backend support: PDF output (pdfTeX)
\l__color_backend_stack_int=\count317
\l__pdf_internal_box=\box69
) (./MATH60604A_Statistical_modelling.aux)
\openout1 = `MATH60604A_Statistical_modelling.aux'.

LaTeX Font Info:    Checking defaults for OML/cmm/m/it on input line 252.
LaTeX Font Info:    ... okay on input line 252.
LaTeX Font Info:    Checking defaults for OMS/cmsy/m/n on input line 252.
LaTeX Font Info:    ... okay on input line 252.
LaTeX Font Info:    Checking defaults for OT1/cmr/m/n on input line 252.
LaTeX Font Info:    ... okay on input line 252.
LaTeX Font Info:    Checking defaults for T1/cmr/m/n on input line 252.
LaTeX Font Info:    ... okay on input line 252.
LaTeX Font Info:    Checking defaults for TS1/cmr/m/n on input line 252.
LaTeX Font Info:    ... okay on input line 252.
LaTeX Font Info:    Checking defaults for OMX/cmex/m/n on input line 252.
LaTeX Font Info:    ... okay on input line 252.
LaTeX Font Info:    Checking defaults for U/cmr/m/n on input line 252.
LaTeX Font Info:    ... okay on input line 252.
LaTeX Font Info:    Checking defaults for PD1/pdf/m/n on input line 252.
LaTeX Font Info:    ... okay on input line 252.
LaTeX Font Info:    Checking defaults for PU/pdf/m/n on input line 252.
LaTeX Font Info:    ... okay on input line 252.
(/home/lbelzile/.TinyTeX/texmf-dist/tex/latex/epstopdf-pkg/epstopdf-base.sty
Package: epstopdf-base 2020-01-24 v2.11 Base part for package epstopdf
Package epstopdf-base Info: Redefining graphics rule for `.eps' on input line 4
85.
(/home/lbelzile/.TinyTeX/texmf-dist/tex/latex/latexconfig/epstopdf-sys.cfg
File: epstopdf-sys.cfg 2010/07/13 v1.3 Configuration of (r)epstopdf for TeX Liv
e
))
Package hyperref Info: Link coloring OFF on input line 252.
(/home/lbelzile/.TinyTeX/texmf-dist/tex/latex/hyperref/nameref.sty
Package: nameref 2021-04-02 v2.47 Cross-referencing by name of section
(/home/lbelzile/.TinyTeX/texmf-dist/tex/latex/refcount/refcount.sty
Package: refcount 2019/12/15 v3.6 Data extraction from label references (HO)
)
(/home/lbelzile/.TinyTeX/texmf-dist/tex/generic/gettitlestring/gettitlestring.s
ty
Package: gettitlestring 2019/12/15 v1.6 Cleanup title references (HO)
)
\c@section@level=\count318
)
LaTeX Info: Redefining \ref on input line 252.
LaTeX Info: Redefining \pageref on input line 252.
LaTeX Info: Redefining \nameref on input line 252.
(./MATH60604A_Statistical_modelling.out) (./MATH60604A_Statistical_modelling.ou
t)
\@outlinefile=\write4
\openout4 = `MATH60604A_Statistical_modelling.out'.

*geometry* driver: auto-detecting
*geometry* detected driver: pdftex
*geometry* verbose mode - [ preamble ] result:
* driver: pdftex
* paper: letterpaper
* layout: <same size as paper>
* layoutoffset:(h,v)=(0.0pt,0.0pt)
* modes: twoside 
* h-part:(L,W,R)=(86.72377pt, 440.84746pt, 86.72377pt)
* v-part:(T,H,B)=(95.39737pt, 556.47656pt, 143.09605pt)
* \paperwidth=614.295pt
* \paperheight=794.96999pt
* \textwidth=440.84746pt
* \textheight=556.47656pt
* \oddsidemargin=14.45378pt
* \evensidemargin=14.45378pt
* \topmargin=-8.74641pt
* \headheight=12.0pt
* \headsep=19.8738pt
* \topskip=11.0pt
* \footskip=27.46295pt
* \marginparwidth=116.0pt
* \marginparsep=7.0pt
* \columnsep=10.0pt
* \skip\footins=10.0pt plus 4.0pt minus 2.0pt
* \hoffset=0.0pt
* \voffset=0.0pt
* \mag=1000
* \@twocolumnfalse
* \@twosidetrue
* \@mparswitchtrue
* \@reversemarginfalse
* (1in=72.27pt=25.4mm, 1cm=28.453pt)

LaTeX Font Info:    Trying to load font information for OT1+lmr on input line 2
54.
(/home/lbelzile/.TinyTeX/texmf-dist/tex/latex/lm/ot1lmr.fd
File: ot1lmr.fd 2015/05/01 v1.6.1 Font defs for Latin Modern
)
LaTeX Font Info:    Trying to load font information for OML+lmm on input line 2
54.
(/home/lbelzile/.TinyTeX/texmf-dist/tex/latex/lm/omllmm.fd
File: omllmm.fd 2015/05/01 v1.6.1 Font defs for Latin Modern
)
LaTeX Font Info:    Trying to load font information for OMS+lmsy on input line 
254.
(/home/lbelzile/.TinyTeX/texmf-dist/tex/latex/lm/omslmsy.fd
File: omslmsy.fd 2015/05/01 v1.6.1 Font defs for Latin Modern
)
LaTeX Font Info:    Trying to load font information for OMX+lmex on input line 
254.
(/home/lbelzile/.TinyTeX/texmf-dist/tex/latex/lm/omxlmex.fd
File: omxlmex.fd 2015/05/01 v1.6.1 Font defs for Latin Modern
)
LaTeX Font Info:    External font `lmex10' loaded for size
(Font)              <12> on input line 254.
LaTeX Font Info:    External font `lmex10' loaded for size
(Font)              <8> on input line 254.
LaTeX Font Info:    External font `lmex10' loaded for size
(Font)              <6> on input line 254.
LaTeX Font Info:    Trying to load font information for U+msa on input line 254
.
(/home/lbelzile/.TinyTeX/texmf-dist/tex/latex/amsfonts/umsa.fd
File: umsa.fd 2013/01/14 v3.01 AMS symbols A
)
LaTeX Font Info:    Trying to load font information for U+msb on input line 254
.
(/home/lbelzile/.TinyTeX/texmf-dist/tex/latex/amsfonts/umsb.fd
File: umsb.fd 2013/01/14 v3.01 AMS symbols B
)
LaTeX Font Info:    Trying to load font information for U+rsfs on input line 25
4.
(/home/lbelzile/.TinyTeX/texmf-dist/tex/latex/jknapltx/ursfs.fd
File: ursfs.fd 1998/03/24 rsfs font definition file (jk)
) [1


{/home/lbelzile/.TinyTeX/texmf-var/fonts/map/pdftex/updmap/pdftex.map}] [2

] (./MATH60604A_Statistical_modelling.toc
LaTeX Font Info:    External font `lmex10' loaded for size
(Font)              <10.95> on input line 3.
[3]
Overfull \hbox (0.43774pt too wide) detected at line 50
 []\T1/put/m/n/10.95 101
 []


Overfull \hbox (0.43774pt too wide) detected at line 53
 []\T1/put/m/n/10.95 107
 []


Overfull \hbox (0.43774pt too wide) detected at line 55
 []\T1/put/m/n/10.95 110
 []


Overfull \hbox (0.43774pt too wide) detected at line 57
 []\T1/put/m/n/10.95 113
 []


Overfull \hbox (0.43774pt too wide) detected at line 59
 []\T1/put/m/n/10.95 118
 []


Overfull \hbox (0.43774pt too wide) detected at line 62
 []\T1/put/m/n/10.95 125
 []


Overfull \hbox (0.43774pt too wide) detected at line 63
 []\T1/put/m/n/10.95 126
 []


Overfull \hbox (0.43774pt too wide) detected at line 69
 []\T1/put/m/n/10.95 134
 []


Overfull \hbox (0.43774pt too wide) detected at line 70
 []\T1/put/m/n/10.95 135
 []


Overfull \hbox (0.43774pt too wide) detected at line 72
 []\T1/put/m/n/10.95 139
 []


Overfull \hbox (0.43774pt too wide) detected at line 73
 []\T1/put/m/n/10.95 140
 []


Overfull \hbox (0.43774pt too wide) detected at line 77
 []\T1/put/m/n/10.95 144
 []


Overfull \hbox (0.43774pt too wide) detected at line 79
 []\T1/put/m/n/10.95 147
 []

LaTeX Font Info:    Trying to load font information for T1+lmtt on input line 8
6.
(/home/lbelzile/.TinyTeX/texmf-dist/tex/latex/lm/t1lmtt.fd
File: t1lmtt.fd 2015/05/01 v1.6.1 Font defs for Latin Modern
)
Overfull \hbox (0.43774pt too wide) detected at line 86
 []\T1/put/m/n/10.95 152
 []

)
\tf@toc=\write5
\openout5 = `MATH60604A_Statistical_modelling.toc'.

[4] [5

] [6]
Chapter 1.
[7

]
LaTeX Font Info:    Trying to load font information for TS1+put on input line 3
30.
(/home/lbelzile/.TinyTeX/texmf-dist/tex/latex/psnfss/ts1put.fd
File: ts1put.fd 2001/06/04 font definitions for TS1/put.
) [8] [9]
LaTeX Font Info:    Trying to load font information for OT1+lmss on input line 
440.
(/home/lbelzile/.TinyTeX/texmf-dist/tex/latex/lm/ot1lmss.fd
File: ot1lmss.fd 2015/05/01 v1.6.1 Font defs for Latin Modern
) [10] [11]
<MATH60604A_Statistical_modelling_files/figure-latex/power1-1.pdf, id=314, 505.
89pt x 361.35pt>
File: MATH60604A_Statistical_modelling_files/figure-latex/power1-1.pdf Graphic 
file (type pdf)
<use MATH60604A_Statistical_modelling_files/figure-latex/power1-1.pdf>
Package pdftex.def Info: MATH60604A_Statistical_modelling_files/figure-latex/po
wer1-1.pdf  used on input line 507.
(pdftex.def)             Requested size: 308.60016pt x 220.4287pt.
<MATH60604A_Statistical_modelling_files/figure-latex/power2-1.pdf, id=315, 505.
89pt x 361.35pt>
File: MATH60604A_Statistical_modelling_files/figure-latex/power2-1.pdf Graphic 
file (type pdf)
<use MATH60604A_Statistical_modelling_files/figure-latex/power2-1.pdf>
Package pdftex.def Info: MATH60604A_Statistical_modelling_files/figure-latex/po
wer2-1.pdf  used on input line 516.
(pdftex.def)             Requested size: 308.60016pt x 220.4287pt.
<MATH60604A_Statistical_modelling_files/figure-latex/power3-1.pdf, id=316, 505.
89pt x 361.35pt>
File: MATH60604A_Statistical_modelling_files/figure-latex/power3-1.pdf Graphic 
file (type pdf)
<use MATH60604A_Statistical_modelling_files/figure-latex/power3-1.pdf>
Package pdftex.def Info: MATH60604A_Statistical_modelling_files/figure-latex/po
wer3-1.pdf  used on input line 525.
(pdftex.def)             Requested size: 308.60016pt x 220.4287pt.
[12] [13pdfTeX warning (ext4): destination with the same identifier (name{figur
e.1.1}) has been already used, duplicate ignored
<argument> ...shipout:D \box_use:N \l_shipout_box 
                                                  
l.548 
       <./MATH60604A_Statistical_modelling_files/figure-latex/power1-1.pdf>]
LaTeX Font Info:    Trying to load font information for U+euf on input line 555
.
(/home/lbelzile/.TinyTeX/texmf-dist/tex/latex/amsfonts/ueuf.fd
File: ueuf.fd 2013/01/14 v3.01 Euler Fraktur
) [14pdfTeX warning (ext4): destination with the same identifier (name{figure.1
.2}) has been already used, duplicate ignored
<argument> ...shipout:D \box_use:N \l_shipout_box 
                                                  
l.555 \end{align*}
                   <./MATH60604A_Statistical_modelling_files/figure-latex/power
2-1.pdf>] [15pdfTeX warning (ext4): destination with the same identifier (name{
figure.1.3}) has been already used, duplicate ignored
<argument> ...shipout:D \box_use:N \l_shipout_box 
                                                  
l.569 
       <./MATH60604A_Statistical_modelling_files/figure-latex/power3-1.pdf>]
<MATH60604A_Statistical_modelling_files/figure-latex/intconf-1.pdf, id=372, 578
.16pt x 361.35pt>
File: MATH60604A_Statistical_modelling_files/figure-latex/intconf-1.pdf Graphic
 file (type pdf)
<use MATH60604A_Statistical_modelling_files/figure-latex/intconf-1.pdf>
Package pdftex.def Info: MATH60604A_Statistical_modelling_files/figure-latex/in
tconf-1.pdf  used on input line 572.
(pdftex.def)             Requested size: 308.58473pt x 192.86545pt.
[16pdfTeX warning (ext4): destination with the same identifier (name{figure.1.4
}) has been already used, duplicate ignored
<argument> ...shipout:D \box_use:N \l_shipout_box 
                                                  
l.584 \end{example}
                    <./MATH60604A_Statistical_modelling_files/figure-latex/intc
onf-1.pdf>] [17] [18pdfTeX warning (ext4): destination with the same identifier
 (name{table.1.2}) has been already used, duplicate ignored
<argument> ...shipout:D \box_use:N \l_shipout_box 
                                                  
l.623 
      ]
<MATH60604A_Statistical_modelling_files/figure-latex/renfepermut-1.pdf, id=406,
 433.62pt x 325.215pt>
File: MATH60604A_Statistical_modelling_files/figure-latex/renfepermut-1.pdf Gra
phic file (type pdf)
<use MATH60604A_Statistical_modelling_files/figure-latex/renfepermut-1.pdf>
Package pdftex.def Info: MATH60604A_Statistical_modelling_files/figure-latex/re
nfepermut-1.pdf  used on input line 626.
(pdftex.def)             Requested size: 308.60678pt x 231.45508pt.

Underfull \vbox (badness 10000) has occurred while \output is active []

[19pdfTeX warning (ext4): destination with the same identifier (name{figure.1.5
}) has been already used, duplicate ignored
<argument> ...shipout:D \box_use:N \l_shipout_box 
                                                  
l.639 
       <./MATH60604A_Statistical_modelling_files/figure-latex/renfepermut-1.pdf
>] [20]
<MATH60604A_Statistical_modelling_files/figure-latex/barplotrenfe-1.pdf, id=439
, 469.755pt x 325.215pt>
File: MATH60604A_Statistical_modelling_files/figure-latex/barplotrenfe-1.pdf Gr
aphic file (type pdf)
<use MATH60604A_Statistical_modelling_files/figure-latex/barplotrenfe-1.pdf>
Package pdftex.def Info: MATH60604A_Statistical_modelling_files/figure-latex/ba
rplotrenfe-1.pdf  used on input line 704.
(pdftex.def)             Requested size: 308.59135pt x 213.64015pt.
[21]
<MATH60604A_Statistical_modelling_files/figure-latex/histrenfe-1.pdf, id=449, 4
69.755pt x 325.215pt>
File: MATH60604A_Statistical_modelling_files/figure-latex/histrenfe-1.pdf Graph
ic file (type pdf)
<use MATH60604A_Statistical_modelling_files/figure-latex/histrenfe-1.pdf>
Package pdftex.def Info: MATH60604A_Statistical_modelling_files/figure-latex/hi
strenfe-1.pdf  used on input line 717.
(pdftex.def)             Requested size: 308.59135pt x 213.64015pt.
[22pdfTeX warning (ext4): destination with the same identifier (name{figure.1.6
}) has been already used, duplicate ignored
<argument> ...shipout:D \box_use:N \l_shipout_box 
                                                  
l.734 \end{itemize}
                    <./MATH60604A_Statistical_modelling_files/figure-latex/barp
lotrenfe-1.pdf>]
<images/01-intro-boxplot.pdf, id=460, 424.23091pt x 106.4236pt>
File: images/01-intro-boxplot.pdf Graphic file (type pdf)
<use images/01-intro-boxplot.pdf>
Package pdftex.def Info: images/01-intro-boxplot.pdf  used on input line 738.
(pdftex.def)             Requested size: 308.59848pt x 77.41576pt.
<MATH60604A_Statistical_modelling_files/figure-latex/histboxplot-1.pdf, id=462,
 469.755pt x 325.215pt>
File: MATH60604A_Statistical_modelling_files/figure-latex/histboxplot-1.pdf Gra
phic file (type pdf)
<use MATH60604A_Statistical_modelling_files/figure-latex/histboxplot-1.pdf>
Package pdftex.def Info: MATH60604A_Statistical_modelling_files/figure-latex/hi
stboxplot-1.pdf  used on input line 749.
(pdftex.def)             Requested size: 308.59135pt x 213.64015pt.
[23pdfTeX warning (ext4): destination with the same identifier (name{figure.1.7
}) has been already used, duplicate ignored
<argument> ...shipout:D \box_use:N \l_shipout_box 
                                                  
l.757 
      pdfTeX warning (ext4): destination with the same identifier (name{figure.
1.8}) has been already used, duplicate ignored
<argument> ...shipout:D \box_use:N \l_shipout_box 
                                                  
l.757 
       <./MATH60604A_Statistical_modelling_files/figure-latex/histrenfe-1.pdf> 
<./images/01-intro-boxplot.pdf>]
<MATH60604A_Statistical_modelling_files/figure-latex/scatterplot-1.pdf, id=507,
 578.16pt x 325.215pt>
File: MATH60604A_Statistical_modelling_files/figure-latex/scatterplot-1.pdf Gra
phic file (type pdf)
<use MATH60604A_Statistical_modelling_files/figure-latex/scatterplot-1.pdf>
Package pdftex.def Info: MATH60604A_Statistical_modelling_files/figure-latex/sc
atterplot-1.pdf  used on input line 760.
(pdftex.def)             Requested size: 308.58473pt x 173.5789pt.

Underfull \hbox (badness 1648) in paragraph at lines 785--787
[]\T1/lmtt/m/n/10.95 class \T1/put/m/n/10.95 cat-e-gor-i-cal vari-able giv-ing 
the ticket class, ei-ther \T1/lmtt/m/n/10.95 Preferente\T1/put/m/n/10.95 , \T1/
lmtt/m/n/10.95 Turista\T1/put/m/n/10.95 ,
 []

[24pdfTeX warning (ext4): destination with the same identifier (name{figure.1.9
}) has been already used, duplicate ignored
<argument> ...shipout:D \box_use:N \l_shipout_box 
                                                  
l.787   \texttt
               {type} categorical variable indicating the type of train, eit...
 <./MATH60604A_Statistical_modelling_files/figure-latex/histboxplot-1.pdf>]
Underfull \hbox (badness 1533) in paragraph at lines 794--796
[]\T1/put/m/n/10.95 There are no miss-ing val-ues and a quick view of the first
 row of the data frame
 []

[25pdfTeX warning (ext4): destination with the same identifier (name{figure.1.1
0}) has been already used, duplicate ignored
<argument> ...shipout:D \box_use:N \l_shipout_box 
                                                  
l.860 
       <./MATH60604A_Statistical_modelling_files/figure-latex/scatterplot-1.pdf
>] [26pdfTeX warning (ext4): destination with the same identifier (name{table.1
.3}) has been already used, duplicate ignored
<argument> ...shipout:D \box_use:N \l_shipout_box 
                                                  
l.892 \end{table}
                 pdfTeX warning (ext4): destination with the same identifier (n
ame{table.1.4}) has been already used, duplicate ignored
<argument> ...shipout:D \box_use:N \l_shipout_box 
                                                  
l.892 \end{table}
                 pdfTeX warning (ext4): destination with the same identifier (n
ame{table.1.5}) has been already used, duplicate ignored
<argument> ...shipout:D \box_use:N \l_shipout_box 
                                                  
l.892 \end{table}
                 ]
<MATH60604A_Statistical_modelling_files/figure-latex/renfe-aed4-1.pdf, id=544, 
469.755pt x 325.215pt>
File: MATH60604A_Statistical_modelling_files/figure-latex/renfe-aed4-1.pdf Grap
hic file (type pdf)
<use MATH60604A_Statistical_modelling_files/figure-latex/renfe-aed4-1.pdf>
Package pdftex.def Info: MATH60604A_Statistical_modelling_files/figure-latex/re
nfe-aed4-1.pdf  used on input line 898.
(pdftex.def)             Requested size: 308.59135pt x 213.64015pt.
[27pdfTeX warning (ext4): destination with the same identifier (name{table.1.6}
) has been already used, duplicate ignored
<argument> ...shipout:D \box_use:N \l_shipout_box 
                                                  
l.926 
      pdfTeX warning (ext4): destination with the same identifier (name{table.1
.7}) has been already used, duplicate ignored
<argument> ...shipout:D \box_use:N \l_shipout_box 
                                                  
l.926 
      ]
<MATH60604A_Statistical_modelling_files/figure-latex/renfe-aed6-1.pdf, id=558, 
469.755pt x 325.215pt>
File: MATH60604A_Statistical_modelling_files/figure-latex/renfe-aed6-1.pdf Grap
hic file (type pdf)
<use MATH60604A_Statistical_modelling_files/figure-latex/renfe-aed6-1.pdf>
Package pdftex.def Info: MATH60604A_Statistical_modelling_files/figure-latex/re
nfe-aed6-1.pdf  used on input line 931.
(pdftex.def)             Requested size: 308.59135pt x 213.64015pt.
<MATH60604A_Statistical_modelling_files/figure-latex/renfe-aed7-1.pdf, id=559, 
469.755pt x 325.215pt>
File: MATH60604A_Statistical_modelling_files/figure-latex/renfe-aed7-1.pdf Grap
hic file (type pdf)
<use MATH60604A_Statistical_modelling_files/figure-latex/renfe-aed7-1.pdf>
Package pdftex.def Info: MATH60604A_Statistical_modelling_files/figure-latex/re
nfe-aed7-1.pdf  used on input line 940.
(pdftex.def)             Requested size: 308.59135pt x 213.64015pt.
[28pdfTeX warning (ext4): destination with the same identifier (name{figure.1.1
1}) has been already used, duplicate ignored
<argument> ...shipout:D \box_use:N \l_shipout_box 
                                                  
l.969 
      pdfTeX warning (ext4): destination with the same identifier (name{table.1
.8}) has been already used, duplicate ignored
<argument> ...shipout:D \box_use:N \l_shipout_box 
                                                  
l.969 
       <./MATH60604A_Statistical_modelling_files/figure-latex/renfe-aed4-1.pdf>
] [29pdfTeX warning (ext4): destination with the same identifier (name{figure.1
.12}) has been already used, duplicate ignored
<argument> ...shipout:D \box_use:N \l_shipout_box 
                                                  
l.969 
      pdfTeX warning (ext4): destination with the same identifier (name{figure.
1.13}) has been already used, duplicate ignored
<argument> ...shipout:D \box_use:N \l_shipout_box 
                                                  
l.969 
       <./MATH60604A_Statistical_modelling_files/figure-latex/renfe-aed6-1.pdf>
 <./MATH60604A_Statistical_modelling_files/figure-latex/renfe-aed7-1.pdf>]
LaTeX Font Info:    Faking \texteuro for font family put
(Font)              in TS1 encoding on input line 983.
LaTeX Font Info:    Faking \texteuro for font family put
(Font)              in TS1 encoding on input line 989.
[30pdfTeX warning (ext4): destination with the same identifier (name{table.1.9}
) has been already used, duplicate ignored
<argument> ...shipout:D \box_use:N \l_shipout_box 
                                                  
l.993   t
         here is no indication that prices depend on the direction of travel.] 
[31] [32

]
Chapter 2.
[33]
<MATH60604A_Statistical_modelling_files/figure-latex/edacollege-1.pdf, id=614, 
469.755pt x 325.215pt>
File: MATH60604A_Statistical_modelling_files/figure-latex/edacollege-1.pdf Grap
hic file (type pdf)
<use MATH60604A_Statistical_modelling_files/figure-latex/edacollege-1.pdf>
Package pdftex.def Info: MATH60604A_Statistical_modelling_files/figure-latex/ed
acollege-1.pdf  used on input line 1057.
(pdftex.def)             Requested size: 308.59135pt x 213.64015pt.
[34]
<MATH60604A_Statistical_modelling_files/figure-latex/droitenuage-1.pdf, id=626,
 469.755pt x 325.215pt>
File: MATH60604A_Statistical_modelling_files/figure-latex/droitenuage-1.pdf Gra
phic file (type pdf)
<use MATH60604A_Statistical_modelling_files/figure-latex/droitenuage-1.pdf>
Package pdftex.def Info: MATH60604A_Statistical_modelling_files/figure-latex/dr
oitenuage-1.pdf  used on input line 1084.
(pdftex.def)             Requested size: 308.59135pt x 213.64015pt.

Underfull \vbox (badness 10000) has occurred while \output is active []

[35pdfTeX warning (ext4): destination with the same identifier (name{figure.2.1
}) has been already used, duplicate ignored
<argument> ...shipout:D \box_use:N \l_shipout_box 
                                                  
l.1095 \begin{align*}
                     pdfTeX warning (ext4): destination with the same identifie
r (name{table.2.1}) has been already used, duplicate ignored
<argument> ...shipout:D \box_use:N \l_shipout_box 
                                                  
l.1095 \begin{align*}
                      <./MATH60604A_Statistical_modelling_files/figure-latex/ed
acollege-1.pdf>] [36pdfTeX warning (ext4): destination with the same identifier
 (name{figure.2.2}) has been already used, duplicate ignored
<argument> ...shipout:D \box_use:N \l_shipout_box 
                                                  
l.1139 \end{align*}
                    <./MATH60604A_Statistical_modelling_files/figure-latex/droi
tenuage-1.pdf>]
<MATH60604A_Statistical_modelling_files/figure-latex/distancevert-1.pdf, id=653
, 469.755pt x 325.215pt>
File: MATH60604A_Statistical_modelling_files/figure-latex/distancevert-1.pdf Gr
aphic file (type pdf)
<use MATH60604A_Statistical_modelling_files/figure-latex/distancevert-1.pdf>
Package pdftex.def Info: MATH60604A_Statistical_modelling_files/figure-latex/di
stancevert-1.pdf  used on input line 1153.
(pdftex.def)             Requested size: 308.59135pt x 213.64015pt.
[37pdfTeX warning (ext4): destination with the same identifier (name{figure.2.3
}) has been already used, duplicate ignored
<argument> ...shipout:D \box_use:N \l_shipout_box 
                                                  
l.1167 \end{remark}
                    <./MATH60604A_Statistical_modelling_files/figure-latex/dist
ancevert-1.pdf>] [38]
<MATH60604A_Statistical_modelling_files/figure-latex/graphcollegesex-1.pdf, id=
675, 469.755pt x 325.215pt>
File: MATH60604A_Statistical_modelling_files/figure-latex/graphcollegesex-1.pdf
 Graphic file (type pdf)
<use MATH60604A_Statistical_modelling_files/figure-latex/graphcollegesex-1.pdf>

Package pdftex.def Info: MATH60604A_Statistical_modelling_files/figure-latex/gr
aphcollegesex-1.pdf  used on input line 1199.
(pdftex.def)             Requested size: 308.59135pt x 213.64015pt.
[39] [40pdfTeX warning (ext4): destination with the same identifier (name{figur
e.2.4}) has been already used, duplicate ignored
<argument> ...shipout:D \box_use:N \l_shipout_box 
                                                  
l.1225 
        <./MATH60604A_Statistical_modelling_files/figure-latex/graphcollegesex-
1.pdf>]
<MATH60604A_Statistical_modelling_files/figure-latex/autoquad2d-1.pdf, id=694, 
469.755pt x 325.215pt>
File: MATH60604A_Statistical_modelling_files/figure-latex/autoquad2d-1.pdf Grap
hic file (type pdf)
<use MATH60604A_Statistical_modelling_files/figure-latex/autoquad2d-1.pdf>
Package pdftex.def Info: MATH60604A_Statistical_modelling_files/figure-latex/au
toquad2d-1.pdf  used on input line 1253.
(pdftex.def)             Requested size: 308.59135pt x 213.64015pt.
[41]
<images/hyperplane_auto.png, id=706, 437.71075pt x 415.8934pt>
File: images/hyperplane_auto.png Graphic file (type png)
<use images/hyperplane_auto.png>
Package pdftex.def Info: images/hyperplane_auto.png  used on input line 1266.
(pdftex.def)             Requested size: 308.60616pt x 293.22392pt.
[42pdfTeX warning (ext4): destination with the same identifier (name{figure.2.5
}) has been already used, duplicate ignored
<argument> ...shipout:D \box_use:N \l_shipout_box 
                                                  
l.1278 
        <./MATH60604A_Statistical_modelling_files/figure-latex/autoquad2d-1.pdf
>] [43pdfTeX warning (ext4): destination with the same identifier (name{figure.
2.6}) has been already used, duplicate ignored
<argument> ...shipout:D \box_use:N \l_shipout_box 
                                                  
l.1309   e
          verything else being equal (same field, academic rank, and number ...
 <./images/hyperplane_auto.png (PNG copy)>]
<MATH60604A_Statistical_modelling_files/figure-latex/avplotcollege-1.pdf, id=73
0, 469.755pt x 325.215pt>
File: MATH60604A_Statistical_modelling_files/figure-latex/avplotcollege-1.pdf G
raphic file (type pdf)
<use MATH60604A_Statistical_modelling_files/figure-latex/avplotcollege-1.pdf>
Package pdftex.def Info: MATH60604A_Statistical_modelling_files/figure-latex/av
plotcollege-1.pdf  used on input line 1324.
(pdftex.def)             Requested size: 308.59135pt x 213.64015pt.
[44pdfTeX warning (ext4): destination with the same identifier (name{table.2.2}
) has been already used, duplicate ignored
<argument> ...shipout:D \box_use:N \l_shipout_box 
                                                  
l.1337 \begin{align*}
                     ] [45pdfTeX warning (ext4): destination with the same iden
tifier (name{figure.2.7}) has been already used, duplicate ignored
<argument> ...shipout:D \box_use:N \l_shipout_box 
                                                  
l.1349 
        <./MATH60604A_Statistical_modelling_files/figure-latex/avplotcollege-1.
pdf>] [46]
Underfull \hbox (badness 1117) in paragraph at lines 1378--1379
\U/msb/m/n/10.95 M[]$ \T1/put/m/n/10.95 is a func-tion of the sum of squared re
sid-u-als: the usual for-mula sim-pli-fies to
 []

[47pdfTeX warning (ext4): destination with the same identifier (name{table.2.3}
) has been already used, duplicate ignored
<argument> ...shipout:D \box_use:N \l_shipout_box 
                                                  
l.1425 
       ]
Underfull \vbox (badness 1019) has occurred while \output is active []

[48pdfTeX warning (ext4): destination with the same identifier (name{table.2.4}
) has been already used, duplicate ignored
<argument> ...shipout:D \box_use:N \l_shipout_box 
                                                  
l.1437 \end{align*}
                   ] [49]
Underfull \hbox (badness 1102) in paragraph at lines 1471--1472
[]\T1/put/m/n/10.95 Figure []2.8[] shows point-wise un-cer-tainty bands for a s
im-ple lin-ear re-gres-sion of the
 []

<MATH60604A_Statistical_modelling_files/figure-latex/predinterval-1.pdf, id=790
, 469.755pt x 325.215pt>
File: MATH60604A_Statistical_modelling_files/figure-latex/predinterval-1.pdf Gr
aphic file (type pdf)
<use MATH60604A_Statistical_modelling_files/figure-latex/predinterval-1.pdf>
Package pdftex.def Info: MATH60604A_Statistical_modelling_files/figure-latex/pr
edinterval-1.pdf  used on input line 1475.
(pdftex.def)             Requested size: 308.59135pt x 213.64015pt.
<MATH60604A_Statistical_modelling_files/figure-latex/insuranceinter1-1.pdf, id=
791, 469.755pt x 325.215pt>
File: MATH60604A_Statistical_modelling_files/figure-latex/insuranceinter1-1.pdf
 Graphic file (type pdf)
<use MATH60604A_Statistical_modelling_files/figure-latex/insuranceinter1-1.pdf>

Package pdftex.def Info: MATH60604A_Statistical_modelling_files/figure-latex/in
suranceinter1-1.pdf  used on input line 1491.
(pdftex.def)             Requested size: 308.59135pt x 213.64015pt.
[50] [51pdfTeX warning (ext4): destination with the same identifier (name{figur
e.2.8}) has been already used, duplicate ignored
<argument> ...shipout:D \box_use:N \l_shipout_box 
                                                  
l.1529 
        <./MATH60604A_Statistical_modelling_files/figure-latex/predinterval-1.p
df>] [52pdfTeX warning (ext4): destination with the same identifier (name{figur
e.2.9}) has been already used, duplicate ignored
<argument> ...shipout:D \box_use:N \l_shipout_box 
                                                  
l.1529 
       pdfTeX warning (ext4): destination with the same identifier (name{table.
2.5}) has been already used, duplicate ignored
<argument> ...shipout:D \box_use:N \l_shipout_box 
                                                  
l.1529 
        <./MATH60604A_Statistical_modelling_files/figure-latex/insuranceinter1-
1.pdf>] [53]
<MATH60604A_Statistical_modelling_files/figure-latex/resod-1.pdf, id=830, 469.7
55pt x 325.215pt>
File: MATH60604A_Statistical_modelling_files/figure-latex/resod-1.pdf Graphic f
ile (type pdf)
<use MATH60604A_Statistical_modelling_files/figure-latex/resod-1.pdf>
Package pdftex.def Info: MATH60604A_Statistical_modelling_files/figure-latex/re
sod-1.pdf  used on input line 1566.
(pdftex.def)             Requested size: 308.59135pt x 213.64015pt.

Underfull \vbox (badness 10000) has occurred while \output is active []

[54pdfTeX warning (ext4): destination with the same identifier (name{figure.2.1
0}) has been already used, duplicate ignored
<argument> ...shipout:D \box_use:N \l_shipout_box 
                                                  
l.1578 \end{quote}
                   <./MATH60604A_Statistical_modelling_files/figure-latex/resod
-1.pdf>] [55]
<MATH60604A_Statistical_modelling_files/figure-latex/twowayanovadelay-1.pdf, id
=851, 469.755pt x 325.215pt>
File: MATH60604A_Statistical_modelling_files/figure-latex/twowayanovadelay-1.pd
f Graphic file (type pdf)
<use MATH60604A_Statistical_modelling_files/figure-latex/twowayanovadelay-1.pdf
>
Package pdftex.def Info: MATH60604A_Statistical_modelling_files/figure-latex/tw
owayanovadelay-1.pdf  used on input line 1630.
(pdftex.def)             Requested size: 308.59135pt x 213.64015pt.
[56pdfTeX warning (ext4): destination with the same identifier (name{table.2.6}
) has been already used, duplicate ignored
<argument> ...shipout:D \box_use:N \l_shipout_box 
                                                  
l.1657 
       ] [57pdfTeX warning (ext4): destination with the same identifier (name{f
igure.2.11}) has been already used, duplicate ignored
<argument> ...shipout:D \box_use:N \l_shipout_box 
                                                  
l.1659 
       pdfTeX warning (ext4): destination with the same identifier (name{table.
2.7}) has been already used, duplicate ignored
<argument> ...shipout:D \box_use:N \l_shipout_box 
                                                  
l.1659 
        <./MATH60604A_Statistical_modelling_files/figure-latex/twowayanovadelay
-1.pdf>] [58] [59] [60pdfTeX warning (ext4): destination with the same identifi
er (name{table.2.8}) has been already used, duplicate ignored
<argument> ...shipout:D \box_use:N \l_shipout_box 
                                                  
l.1728   l
          inearity: the mean of \(Y\) is \(\beta_0 + \beta_1\mathrm{X}_1 + \...
] [61] [62]
<MATH60604A_Statistical_modelling_files/figure-latex/outliers-1.pdf, id=909, 46
9.755pt x 325.215pt>
File: MATH60604A_Statistical_modelling_files/figure-latex/outliers-1.pdf Graphi
c file (type pdf)
<use MATH60604A_Statistical_modelling_files/figure-latex/outliers-1.pdf>
Package pdftex.def Info: MATH60604A_Statistical_modelling_files/figure-latex/ou
tliers-1.pdf  used on input line 1783.
(pdftex.def)             Requested size: 308.59135pt x 213.64015pt.
[63pdfTeX warning (ext4): destination with the same identifier (name{figure.2.1
2}) has been already used, duplicate ignored
<argument> ...shipout:D \box_use:N \l_shipout_box 
                                                  
l.1800 O
        utliers and influential observations should not be disregarded becau...
 <./MATH60604A_Statistical_modelling_files/figure-latex/outliers-1.pdf>]
<MATH60604A_Statistical_modelling_files/figure-latex/timeresidplot-1.pdf, id=92
0, 469.755pt x 325.215pt>
File: MATH60604A_Statistical_modelling_files/figure-latex/timeresidplot-1.pdf G
raphic file (type pdf)
<use MATH60604A_Statistical_modelling_files/figure-latex/timeresidplot-1.pdf>
Package pdftex.def Info: MATH60604A_Statistical_modelling_files/figure-latex/ti
meresidplot-1.pdf  used on input line 1829.
(pdftex.def)             Requested size: 308.59135pt x 213.64015pt.
[64]
<MATH60604A_Statistical_modelling_files/figure-latex/correlogram-1.pdf, id=932,
 469.755pt x 325.215pt>
File: MATH60604A_Statistical_modelling_files/figure-latex/correlogram-1.pdf Gra
phic file (type pdf)
<use MATH60604A_Statistical_modelling_files/figure-latex/correlogram-1.pdf>
Package pdftex.def Info: MATH60604A_Statistical_modelling_files/figure-latex/co
rrelogram-1.pdf  used on input line 1849.
(pdftex.def)             Requested size: 308.59135pt x 213.64015pt.

Underfull \vbox (badness 1609) has occurred while \output is active []

[65pdfTeX warning (ext4): destination with the same identifier (name{figure.2.1
3}) has been already used, duplicate ignored
<argument> ...shipout:D \box_use:N \l_shipout_box 
                                                  
l.1861 
        <./MATH60604A_Statistical_modelling_files/figure-latex/timeresidplot-1.
pdf>]
<MATH60604A_Statistical_modelling_files/figure-latex/regdiaglin-1.pdf, id=951, 
469.755pt x 325.215pt>
File: MATH60604A_Statistical_modelling_files/figure-latex/regdiaglin-1.pdf Grap
hic file (type pdf)
<use MATH60604A_Statistical_modelling_files/figure-latex/regdiaglin-1.pdf>
Package pdftex.def Info: MATH60604A_Statistical_modelling_files/figure-latex/re
gdiaglin-1.pdf  used on input line 1864.
(pdftex.def)             Requested size: 308.59135pt x 213.64015pt.
[66pdfTeX warning (ext4): destination with the same identifier (name{figure.2.1
4}) has been already used, duplicate ignored
<argument> ...shipout:D \box_use:N \l_shipout_box 
                                                  
l.1876 
        <./MATH60604A_Statistical_modelling_files/figure-latex/correlogram-1.pd
f>] [67pdfTeX warning (ext4): destination with the same identifier (name{figure
.2.15}) has been already used, duplicate ignored
<argument> ...shipout:D \box_use:N \l_shipout_box 
                                                  
l.1883 
        <./MATH60604A_Statistical_modelling_files/figure-latex/regdiaglin-1.pdf
>]
<MATH60604A_Statistical_modelling_files/figure-latex/residhomoscedastic-1.pdf, 
id=981, 469.755pt x 325.215pt>
File: MATH60604A_Statistical_modelling_files/figure-latex/residhomoscedastic-1.
pdf Graphic file (type pdf)
<use MATH60604A_Statistical_modelling_files/figure-latex/residhomoscedastic-1.p
df>
Package pdftex.def Info: MATH60604A_Statistical_modelling_files/figure-latex/re
sidhomoscedastic-1.pdf  used on input line 1889.
(pdftex.def)             Requested size: 308.59135pt x 213.64015pt.
<MATH60604A_Statistical_modelling_files/figure-latex/diagfitvalhomosce-1.pdf, i
d=982, 469.755pt x 325.215pt>
File: MATH60604A_Statistical_modelling_files/figure-latex/diagfitvalhomosce-1.p
df Graphic file (type pdf)
<use MATH60604A_Statistical_modelling_files/figure-latex/diagfitvalhomosce-1.pd
f>
Package pdftex.def Info: MATH60604A_Statistical_modelling_files/figure-latex/di
agfitvalhomosce-1.pdf  used on input line 1898.
(pdftex.def)             Requested size: 308.59135pt x 213.64015pt.

Underfull \vbox (badness 10000) has occurred while \output is active []

[68pdfTeX warning (ext4): destination with the same identifier (name{figure.2.1
6}) has been already used, duplicate ignored
<argument> ...shipout:D \box_use:N \l_shipout_box 
                                                  
l.1910 
        <./MATH60604A_Statistical_modelling_files/figure-latex/residhomoscedast
ic-1.pdf>] [69pdfTeX warning (ext4): destination with the same identifier (name
{figure.2.17}) has been already used, duplicate ignored
<argument> ...shipout:D \box_use:N \l_shipout_box 
                                                  
l.1914 
        <./MATH60604A_Statistical_modelling_files/figure-latex/diagfitvalhomosc
e-1.pdf>]
<MATH60604A_Statistical_modelling_files/figure-latex/qqplotresid-1.pdf, id=1009
, 469.755pt x 325.215pt>
File: MATH60604A_Statistical_modelling_files/figure-latex/qqplotresid-1.pdf Gra
phic file (type pdf)
<use MATH60604A_Statistical_modelling_files/figure-latex/qqplotresid-1.pdf>
Package pdftex.def Info: MATH60604A_Statistical_modelling_files/figure-latex/qq
plotresid-1.pdf  used on input line 1917.
(pdftex.def)             Requested size: 308.59135pt x 213.64015pt.
<MATH60604A_Statistical_modelling_files/figure-latex/qqplotsbad-1.pdf, id=1012,
 469.755pt x 325.215pt>
File: MATH60604A_Statistical_modelling_files/figure-latex/qqplotsbad-1.pdf Grap
hic file (type pdf)
<use MATH60604A_Statistical_modelling_files/figure-latex/qqplotsbad-1.pdf>
Package pdftex.def Info: MATH60604A_Statistical_modelling_files/figure-latex/qq
plotsbad-1.pdf  used on input line 1928.
(pdftex.def)             Requested size: 308.59135pt x 213.64015pt.
<MATH60604A_Statistical_modelling_files/figure-latex/diagplotscollege-1.pdf, id
=1013, 469.755pt x 325.215pt>
File: MATH60604A_Statistical_modelling_files/figure-latex/diagplotscollege-1.pd
f Graphic file (type pdf)
<use MATH60604A_Statistical_modelling_files/figure-latex/diagplotscollege-1.pdf
>
Package pdftex.def Info: MATH60604A_Statistical_modelling_files/figure-latex/di
agplotscollege-1.pdf  used on input line 1941.
(pdftex.def)             Requested size: 308.59135pt x 213.64015pt.
[70pdfTeX warning (ext4): destination with the same identifier (name{figure.2.1
8}) has been already used, duplicate ignored
<argument> ...shipout:D \box_use:N \l_shipout_box 
                                                  
l.1954 \begin{align*}
                      <./MATH60604A_Statistical_modelling_files/figure-latex/qq
plotresid-1.pdf>] [71pdfTeX warning (ext4): destination with the same identifie
r (name{figure.2.19}) has been already used, duplicate ignored
<argument> ...shipout:D \box_use:N \l_shipout_box 
                                                  
l.1969 \end{align*}
                    <./MATH60604A_Statistical_modelling_files/figure-latex/qqpl
otsbad-1.pdf>] [72pdfTeX warning (ext4): destination with the same identifier (
name{figure.2.20}) has been already used, duplicate ignored
<argument> ...shipout:D \box_use:N \l_shipout_box 
                                                  
l.1982 S
        ometimes, we may wish to consider a log transformation of both the r...
 <./MATH60604A_Statistical_modelling_files/figure-latex/diagplotscollege-1.pdf>
] [73]
<MATH60604A_Statistical_modelling_files/figure-latex/poisonplots-1.pdf, id=1073
, 469.755pt x 433.62pt>
File: MATH60604A_Statistical_modelling_files/figure-latex/poisonplots-1.pdf Gra
phic file (type pdf)
<use MATH60604A_Statistical_modelling_files/figure-latex/poisonplots-1.pdf>
Package pdftex.def Info: MATH60604A_Statistical_modelling_files/figure-latex/po
isonplots-1.pdf  used on input line 2016.
(pdftex.def)             Requested size: 308.59135pt x 284.85355pt.
[74pdfTeX warning (ext4): destination with the same identifier (name{figure.2.2
1}) has been already used, duplicate ignored
<argument> ...shipout:D \box_use:N \l_shipout_box 
                                                  
l.2024 ...hood-based inference}\label{likelihood}}
                                                   <./MATH60604A_Statistical_mo
delling_files/figure-latex/poisonplots-1.pdf>]
Chapter 3.
[75

] [76]
<MATH60604A_Statistical_modelling_files/figure-latex/explikelihood-1.pdf, id=10
99, 469.755pt x 325.215pt>
File: MATH60604A_Statistical_modelling_files/figure-latex/explikelihood-1.pdf G
raphic file (type pdf)
<use MATH60604A_Statistical_modelling_files/figure-latex/explikelihood-1.pdf>
Package pdftex.def Info: MATH60604A_Statistical_modelling_files/figure-latex/ex
plikelihood-1.pdf  used on input line 2086.
(pdftex.def)             Requested size: 308.59135pt x 213.64015pt.
[77] [78pdfTeX warning (ext4): destination with the same identifier (name{figur
e.3.1}) has been already used, duplicate ignored
<argument> ...shipout:D \box_use:N \l_shipout_box 
                                                  
l.2122 
        <./MATH60604A_Statistical_modelling_files/figure-latex/explikelihood-1.
pdf>] [79]
<images/likelihood_tests.png, id=1127, 433.62pt x 252.58365pt>
File: images/likelihood_tests.png Graphic file (type png)
<use images/likelihood_tests.png>
Package pdftex.def Info: images/likelihood_tests.png  used on input line 2176.
(pdftex.def)             Requested size: 308.60678pt x 179.76344pt.
[80] [81pdfTeX warning (ext4): destination with the same identifier (name{figur
e.3.2}) has been already used, duplicate ignored
<argument> ...shipout:D \box_use:N \l_shipout_box 
                                                  
l.2209 
        <./images/likelihood_tests.png>] [82]
<MATH60604A_Statistical_modelling_files/figure-latex/profile3d-1.pdf, id=1147, 
469.755pt x 325.215pt>
File: MATH60604A_Statistical_modelling_files/figure-latex/profile3d-1.pdf Graph
ic file (type pdf)
<use MATH60604A_Statistical_modelling_files/figure-latex/profile3d-1.pdf>
Package pdftex.def Info: MATH60604A_Statistical_modelling_files/figure-latex/pr
ofile3d-1.pdf  used on input line 2246.
(pdftex.def)             Requested size: 308.59135pt x 213.64015pt.
[83]
<MATH60604A_Statistical_modelling_files/figure-latex/profileplot-1.pdf, id=1157
, 469.755pt x 325.215pt>
File: MATH60604A_Statistical_modelling_files/figure-latex/profileplot-1.pdf Gra
phic file (type pdf)
<use MATH60604A_Statistical_modelling_files/figure-latex/profileplot-1.pdf>
Package pdftex.def Info: MATH60604A_Statistical_modelling_files/figure-latex/pr
ofileplot-1.pdf  used on input line 2278.
(pdftex.def)             Requested size: 308.59135pt x 213.64015pt.
[84pdfTeX warning (ext4): destination with the same identifier (name{figure.3.3
}) has been already used, duplicate ignored
<argument> ...shipout:D \box_use:N \l_shipout_box 
                                                  
l.2287 W
        e could use the profile likelihood ratio test to obtain confidence i...
 <./MATH60604A_Statistical_modelling_files/figure-latex/profile3d-1.pdf>]
<MATH60604A_Statistical_modelling_files/figure-latex/profilebeta-1.pdf, id=1173
, 469.755pt x 325.215pt>
File: MATH60604A_Statistical_modelling_files/figure-latex/profilebeta-1.pdf Gra
phic file (type pdf)
<use MATH60604A_Statistical_modelling_files/figure-latex/profilebeta-1.pdf>
Package pdftex.def Info: MATH60604A_Statistical_modelling_files/figure-latex/pr
ofilebeta-1.pdf  used on input line 2296.
(pdftex.def)             Requested size: 308.59135pt x 213.64015pt.
[85pdfTeX warning (ext4): destination with the same identifier (name{figure.3.4
}) has been already used, duplicate ignored
<argument> ...shipout:D \box_use:N \l_shipout_box 
                                                  
l.2307 
        <./MATH60604A_Statistical_modelling_files/figure-latex/profileplot-1.pd
f>] [86pdfTeX warning (ext4): destination with the same identifier (name{figure
.3.5}) has been already used, duplicate ignored
<argument> ...shipout:D \box_use:N \l_shipout_box 
                                                  
l.2316 
        <./MATH60604A_Statistical_modelling_files/figure-latex/profilebeta-1.pd
f>] [87] [88

]
Chapter 4.
[89] [90] [91] [92] [93] [94]
<MATH60604A_Statistical_modelling_files/figure-latex/probitvslogit-1.pdf, id=12
59, 469.755pt x 325.215pt>
File: MATH60604A_Statistical_modelling_files/figure-latex/probitvslogit-1.pdf G
raphic file (type pdf)
<use MATH60604A_Statistical_modelling_files/figure-latex/probitvslogit-1.pdf>
Package pdftex.def Info: MATH60604A_Statistical_modelling_files/figure-latex/pr
obitvslogit-1.pdf  used on input line 2631.
(pdftex.def)             Requested size: 308.59135pt x 213.64015pt.
<MATH60604A_Statistical_modelling_files/figure-latex/figgpa-1.pdf, id=1261, 469
.755pt x 325.215pt>
File: MATH60604A_Statistical_modelling_files/figure-latex/figgpa-1.pdf Graphic 
file (type pdf)
<use MATH60604A_Statistical_modelling_files/figure-latex/figgpa-1.pdf>
Package pdftex.def Info: MATH60604A_Statistical_modelling_files/figure-latex/fi
ggpa-1.pdf  used on input line 2662.
(pdftex.def)             Requested size: 308.59135pt x 213.64015pt.
[95] [96pdfTeX warning (ext4): destination with the same identifier (name{figur
e.4.1}) has been already used, duplicate ignored
<argument> ...shipout:D \box_use:N \l_shipout_box 
                                                  
l.2684 
       pdfTeX warning (ext4): destination with the same identifier (name{figure
.4.2}) has been already used, duplicate ignored
<argument> ...shipout:D \box_use:N \l_shipout_box 
                                                  
l.2684 
        <./MATH60604A_Statistical_modelling_files/figure-latex/probitvslogit-1.
pdf> <./MATH60604A_Statistical_modelling_files/figure-latex/figgpa-1.pdf>]
<MATH60604A_Statistical_modelling_files/figure-latex/birthweighteda-1.pdf, id=1
288, 469.755pt x 325.215pt>
File: MATH60604A_Statistical_modelling_files/figure-latex/birthweighteda-1.pdf 
Graphic file (type pdf)
<use MATH60604A_Statistical_modelling_files/figure-latex/birthweighteda-1.pdf>
Package pdftex.def Info: MATH60604A_Statistical_modelling_files/figure-latex/bi
rthweighteda-1.pdf  used on input line 2711.
(pdftex.def)             Requested size: 308.59135pt x 213.64015pt.
[97pdfTeX warning (ext4): destination with the same identifier (name{table.4.1}
) has been already used, duplicate ignored
<argument> ...shipout:D \box_use:N \l_shipout_box 
                                                  
l.2719 
       ] [98pdfTeX warning (ext4): destination with the same identifier (name{f
igure.4.3}) has been already used, duplicate ignored
<argument> ...shipout:D \box_use:N \l_shipout_box 
                                                  
l.2750   t
          he odds of black women giving birth to an underweight baby are 2.6...
pdfTeX warning (ext4): destination with the same identifier (name{table.4.2}) h
as been already used, duplicate ignored
<argument> ...shipout:D \box_use:N \l_shipout_box 
                                                  
l.2750   t
          he odds of black women giving birth to an underweight baby are 2.6...
 <./MATH60604A_Statistical_modelling_files/figure-latex/birthweighteda-1.pdf>] 
[99pdfTeX warning (ext4): destination with the same identifier (name{table.4.3}
) has been already used, duplicate ignored
<argument> ...shipout:D \box_use:N \l_shipout_box 
                                                  
l.2797 \end{example}
                    ]
<MATH60604A_Statistical_modelling_files/figure-latex/WaldgarbageR-1.pdf, id=132
1, 469.755pt x 325.215pt>
File: MATH60604A_Statistical_modelling_files/figure-latex/WaldgarbageR-1.pdf Gr
aphic file (type pdf)
<use MATH60604A_Statistical_modelling_files/figure-latex/WaldgarbageR-1.pdf>
Package pdftex.def Info: MATH60604A_Statistical_modelling_files/figure-latex/Wa
ldgarbageR-1.pdf  used on input line 2801.
(pdftex.def)             Requested size: 308.59135pt x 213.64015pt.

Underfull \vbox (badness 6220) has occurred while \output is active []

[100pdfTeX warning (ext4): destination with the same identifier (name{figure.4.
4}) has been already used, duplicate ignored
<argument> ...shipout:D \box_use:N \l_shipout_box 
                                                  
l.2829 
        <./MATH60604A_Statistical_modelling_files/figure-latex/WaldgarbageR-1.p
df>]
<MATH60604A_Statistical_modelling_files/figure-latex/sepvarplot-1.pdf, id=1338,
 469.755pt x 325.215pt>
File: MATH60604A_Statistical_modelling_files/figure-latex/sepvarplot-1.pdf Grap
hic file (type pdf)
<use MATH60604A_Statistical_modelling_files/figure-latex/sepvarplot-1.pdf>
Package pdftex.def Info: MATH60604A_Statistical_modelling_files/figure-latex/se
pvarplot-1.pdf  used on input line 2859.
(pdftex.def)             Requested size: 308.59135pt x 213.64015pt.
[101pdfTeX warning (ext4): destination with the same identifier (name{table.4.4
}) has been already used, duplicate ignored
<argument> ...shipout:D \box_use:N \l_shipout_box 
                                                  
l.2872 
       ] [102pdfTeX warning (ext4): destination with the same identifier (name{
figure.4.5}) has been already used, duplicate ignored
<argument> ...shipout:D \box_use:N \l_shipout_box 
                                                  
l.2882 \end{example}
                     <./MATH60604A_Statistical_modelling_files/figure-latex/sep
varplot-1.pdf>] [103pdfTeX warning (ext4): destination with the same identifier
 (name{table.4.5}) has been already used, duplicate ignored
<argument> ...shipout:D \box_use:N \l_shipout_box 
                                                  
l.2918 \begin{align*}
                     ]
<MATH60604A_Statistical_modelling_files/figure-latex/simunb-1.pdf, id=1375, 469
.755pt x 325.215pt>
File: MATH60604A_Statistical_modelling_files/figure-latex/simunb-1.pdf Graphic 
file (type pdf)
<use MATH60604A_Statistical_modelling_files/figure-latex/simunb-1.pdf>
Package pdftex.def Info: MATH60604A_Statistical_modelling_files/figure-latex/si
munb-1.pdf  used on input line 2937.
(pdftex.def)             Requested size: 308.59135pt x 213.64015pt.
[104] [105pdfTeX warning (ext4): destination with the same identifier (name{fig
ure.4.6}) has been already used, duplicate ignored
<argument> ...shipout:D \box_use:N \l_shipout_box 
                                                  
l.2971 \end{verbatim}
                      <./MATH60604A_Statistical_modelling_files/figure-latex/si
munb-1.pdf>] [106pdfTeX warning (ext4): destination with the same identifier (n
ame{table.4.6}) has been already used, duplicate ignored
<argument> ...shipout:D \box_use:N \l_shipout_box 
                                                  
l.3003 
       ]
<MATH60604A_Statistical_modelling_files/figure-latex/mosaicplots-1.pdf, id=1411
, 469.755pt x 325.215pt>
File: MATH60604A_Statistical_modelling_files/figure-latex/mosaicplots-1.pdf Gra
phic file (type pdf)
<use MATH60604A_Statistical_modelling_files/figure-latex/mosaicplots-1.pdf>
Package pdftex.def Info: MATH60604A_Statistical_modelling_files/figure-latex/mo
saicplots-1.pdf  used on input line 3024.
(pdftex.def)             Requested size: 308.59135pt x 213.64015pt.
[107] [108pdfTeX warning (ext4): destination with the same identifier (name{fig
ure.4.7}) has been already used, duplicate ignored
<argument> ...shipout:D \box_use:N \l_shipout_box 
                                                  
l.3053 
       pdfTeX warning (ext4): destination with the same identifier (name{table.
4.7}) has been already used, duplicate ignored
<argument> ...shipout:D \box_use:N \l_shipout_box 
                                                  
l.3053 
        <./MATH60604A_Statistical_modelling_files/figure-latex/mosaicplots-1.pd
f>]
<MATH60604A_Statistical_modelling_files/figure-latex/marginalizationpicture-1.p
df, id=1436, 469.755pt x 325.215pt>
File: MATH60604A_Statistical_modelling_files/figure-latex/marginalizationpictur
e-1.pdf Graphic file (type pdf)
<use MATH60604A_Statistical_modelling_files/figure-latex/marginalizationpicture
-1.pdf>
Package pdftex.def Info: MATH60604A_Statistical_modelling_files/figure-latex/ma
rginalizationpicture-1.pdf  used on input line 3058.
(pdftex.def)             Requested size: 308.59135pt x 213.64015pt.
[109pdfTeX warning (ext4): destination with the same identifier (name{figure.4.
8}) has been already used, duplicate ignored
<argument> ...shipout:D \box_use:N \l_shipout_box 
                                                  
l.3072 \end{align*}
                    <./MATH60604A_Statistical_modelling_files/figure-latex/marg
inalizationpicture-1.pdf>] [110] [111] [112pdfTeX warning (ext4): destination w
ith the same identifier (name{table.4.8}) has been already used, duplicate igno
red
<argument> ...shipout:D \box_use:N \l_shipout_box 
                                                  
l.3158 ...ta}\label{correlated-longitudinal-data}}
                                                  ]
Chapter 5.

Underfull \hbox (badness 1275) in paragraph at lines 3162--3163
\T1/put/m/n/10.95 diagonal el-e-ments of the co-vari-ance ma-trix are zero for 
in-de-pen-dent ob-ser-va-tions,
 []

<MATH60604A_Statistical_modelling_files/figure-latex/spaghettiplots-1.pdf, id=1
475, 433.62pt x 650.43pt>
File: MATH60604A_Statistical_modelling_files/figure-latex/spaghettiplots-1.pdf 
Graphic file (type pdf)
<use MATH60604A_Statistical_modelling_files/figure-latex/spaghettiplots-1.pdf>
Package pdftex.def Info: MATH60604A_Statistical_modelling_files/figure-latex/sp
aghettiplots-1.pdf  used on input line 3171.
(pdftex.def)             Requested size: 308.60678pt x 462.91017pt.
[113

] [114pdfTeX warning (ext4): destination with the same identifier (name{figure.
5.1}) has been already used, duplicate ignored
<argument> ...shipout:D \box_use:N \l_shipout_box 
                                                  
l.3179 
        <./MATH60604A_Statistical_modelling_files/figure-latex/spaghettiplots-1
.pdf>]
<images/original-dfs-tidy.png, id=1497, 2106.87125pt x 1504.62125pt>
File: images/original-dfs-tidy.png Graphic file (type png)
<use images/original-dfs-tidy.png>
Package pdftex.def Info: images/original-dfs-tidy.png  used on input line 3186.

(pdftex.def)             Requested size: 308.5908pt x 220.38pt.
[115pdfTeX warning (ext4): destination with the same identifier (name{figure.5.
2}) has been already used, duplicate ignored
<argument> ...shipout:D \box_use:N \l_shipout_box 
                                                  
l.3194 ...ixed models}\label{linear-mixed-models}}
                                                   <./images/original-dfs-tidy.
png>] [116

]
Chapter 6.

LaTeX Warning: Reference `eq:margmixedmod' on page 117 undefined on input line 
3214.

[117]
<MATH60604A_Statistical_modelling_files/figure-latex/partialpool1-1.pdf, id=151
8, 469.755pt x 325.215pt>
File: MATH60604A_Statistical_modelling_files/figure-latex/partialpool1-1.pdf Gr
aphic file (type pdf)
<use MATH60604A_Statistical_modelling_files/figure-latex/partialpool1-1.pdf>
Package pdftex.def Info: MATH60604A_Statistical_modelling_files/figure-latex/pa
rtialpool1-1.pdf  used on input line 3233.
(pdftex.def)             Requested size: 308.59135pt x 213.64015pt.
[118]
<MATH60604A_Statistical_modelling_files/figure-latex/partpooldf-1.pdf, id=1529,
 469.755pt x 325.215pt>
File: MATH60604A_Statistical_modelling_files/figure-latex/partpooldf-1.pdf Grap
hic file (type pdf)
<use MATH60604A_Statistical_modelling_files/figure-latex/partpooldf-1.pdf>
Package pdftex.def Info: MATH60604A_Statistical_modelling_files/figure-latex/pa
rtpooldf-1.pdf  used on input line 3248.
(pdftex.def)             Requested size: 308.59135pt x 213.64015pt.
<MATH60604A_Statistical_modelling_files/figure-latex/topomap-1.pdf, id=1531, 46
9.755pt x 325.215pt>
File: MATH60604A_Statistical_modelling_files/figure-latex/topomap-1.pdf Graphic
 file (type pdf)
<use MATH60604A_Statistical_modelling_files/figure-latex/topomap-1.pdf>
Package pdftex.def Info: MATH60604A_Statistical_modelling_files/figure-latex/to
pomap-1.pdf  used on input line 3259.
(pdftex.def)             Requested size: 308.59135pt x 213.64015pt.
[119pdfTeX warning (ext4): destination with the same identifier (name{figure.6.
1}) has been already used, duplicate ignored
<argument> ...shipout:D \box_use:N \l_shipout_box 
                                                  
l.3267 ...pter{Survival analysis}\label{survival}}
                                                   <./MATH60604A_Statistical_mo
delling_files/figure-latex/partialpool1-1.pdf>] [120pdfTeX warning (ext4): dest
ination with the same identifier (name{figure.6.2}) has been already used, dupl
icate ignored
<argument> ...shipout:D \box_use:N \l_shipout_box 
                                                  
l.3267 ...pter{Survival analysis}\label{survival}}
                                                   <./MATH60604A_Statistical_mo
delling_files/figure-latex/partpooldf-1.pdf>] [121pdfTeX warning (ext4): destin
ation with the same identifier (name{figure.6.3}) has been already used, duplic
ate ignored
<argument> ...shipout:D \box_use:N \l_shipout_box 
                                                  
l.3267 ...pter{Survival analysis}\label{survival}}
                                                   <./MATH60604A_Statistical_mo
delling_files/figure-latex/topomap-1.pdf>] [122

]
Chapter 7.
[123] [124

]
Appendix A.
[125]
<images/02-ttest-DF_illustration.png, id=1584, 303.17265pt x 202.356pt>
File: images/02-ttest-DF_illustration.png Graphic file (type png)
<use images/02-ttest-DF_illustration.png>
Package pdftex.def Info: images/02-ttest-DF_illustration.png  used on input lin
e 3311.
(pdftex.def)             Requested size: 303.18578pt x 202.36476pt.
[126] [127pdfTeX warning (ext4): destination with the same identifier (name{fig
ure.A.1}) has been already used, duplicate ignored
<argument> ...shipout:D \box_use:N \l_shipout_box 
                                                  
l.3332 
        <./images/02-ttest-DF_illustration.png>] [128] [129] [130] [131] [132]
<MATH60604A_Statistical_modelling_files/figure-latex/diagrammeqq2-1.pdf, id=165
2, 469.755pt x 325.215pt>
File: MATH60604A_Statistical_modelling_files/figure-latex/diagrammeqq2-1.pdf Gr
aphic file (type pdf)
<use MATH60604A_Statistical_modelling_files/figure-latex/diagrammeqq2-1.pdf>
Package pdftex.def Info: MATH60604A_Statistical_modelling_files/figure-latex/di
agrammeqq2-1.pdf  used on input line 3530.
(pdftex.def)             Requested size: 308.59135pt x 213.64015pt.
[133] [134pdfTeX warning (ext4): destination with the same identifier (name{fig
ure.A.2}) has been already used, duplicate ignored
<argument> ...shipout:D \box_use:N \l_shipout_box 
                                                  
l.3562 
        <./MATH60604A_Statistical_modelling_files/figure-latex/diagrammeqq2-1.p
df>]
<MATH60604A_Statistical_modelling_files/figure-latex/renfeclt-1.pdf, id=1679, 4
33.62pt x 325.215pt>
File: MATH60604A_Statistical_modelling_files/figure-latex/renfeclt-1.pdf Graphi
c file (type pdf)
<use MATH60604A_Statistical_modelling_files/figure-latex/renfeclt-1.pdf>
Package pdftex.def Info: MATH60604A_Statistical_modelling_files/figure-latex/re
nfeclt-1.pdf  used on input line 3586.
(pdftex.def)             Requested size: 308.60678pt x 231.45508pt.
<MATH60604A_Statistical_modelling_files/figure-latex/renfemeanCLT-1.pdf, id=168
1, 578.16pt x 325.215pt>
File: MATH60604A_Statistical_modelling_files/figure-latex/renfemeanCLT-1.pdf Gr
aphic file (type pdf)
<use MATH60604A_Statistical_modelling_files/figure-latex/renfemeanCLT-1.pdf>
Package pdftex.def Info: MATH60604A_Statistical_modelling_files/figure-latex/re
nfemeanCLT-1.pdf  used on input line 3599.
(pdftex.def)             Requested size: 396.76062pt x 223.17784pt.
[135] [136pdfTeX warning (ext4): destination with the same identifier (name{fig
ure.A.3}) has been already used, duplicate ignored
<argument> ...shipout:D \box_use:N \l_shipout_box 
                                                  
l.3613 ...ter{Supplementary material}\label{math}}
                                                   <./MATH60604A_Statistical_mo
delling_files/figure-latex/renfeclt-1.pdf>] [137pdfTeX warning (ext4): destinat
ion with the same identifier (name{figure.A.4}) has been already used, duplicat
e ignored
<argument> ...shipout:D \box_use:N \l_shipout_box 
                                                  
l.3613 ...ter{Supplementary material}\label{math}}
                                                   <./MATH60604A_Statistical_mo
delling_files/figure-latex/renfemeanCLT-1.pdf>] [138

]
Appendix B.
[139] [140] [141] [142]
<MATH60604A_Statistical_modelling_files/figure-latex/diagplotsbirthwt1-1.pdf, i
d=1747, 469.755pt x 325.215pt>
File: MATH60604A_Statistical_modelling_files/figure-latex/diagplotsbirthwt1-1.p
df Graphic file (type pdf)
<use MATH60604A_Statistical_modelling_files/figure-latex/diagplotsbirthwt1-1.pd
f>
Package pdftex.def Info: MATH60604A_Statistical_modelling_files/figure-latex/di
agplotsbirthwt1-1.pdf  used on input line 3788.
(pdftex.def)             Requested size: 308.59135pt x 213.64015pt.
<MATH60604A_Statistical_modelling_files/figure-latex/diagplotbirthwgt-1.pdf, id
=1751, 469.755pt x 325.215pt>
File: MATH60604A_Statistical_modelling_files/figure-latex/diagplotbirthwgt-1.pd
f Graphic file (type pdf)
<use MATH60604A_Statistical_modelling_files/figure-latex/diagplotbirthwgt-1.pdf
>
Package pdftex.def Info: MATH60604A_Statistical_modelling_files/figure-latex/di
agplotbirthwgt-1.pdf  used on input line 3805.
(pdftex.def)             Requested size: 308.59135pt x 213.64015pt.
[143pdfTeX warning (ext4): destination with the same identifier (name{figure.B.
1}) has been already used, duplicate ignored
<argument> ...shipout:D \box_use:N \l_shipout_box 
                                                  
l.3816 
        <./MATH60604A_Statistical_modelling_files/figure-latex/diagplotsbirthwt
1-1.pdf>] [144pdfTeX warning (ext4): destination with the same identifier (name
{figure.B.2}) has been already used, duplicate ignored
<argument> ...shipout:D \box_use:N \l_shipout_box 
                                                  
l.3832 \end{align*}
                    <./MATH60604A_Statistical_modelling_files/figure-latex/diag
plotbirthwgt-1.pdf>] [145] [146

]
Appendix C.
[147] [148]
<images/caution.png, id=1814, 156.585pt x 144.54pt>
File: images/caution.png Graphic file (type png)
<use images/caution.png>
Package pdftex.def Info: images/caution.png  used on input line 3965.
(pdftex.def)             Requested size: 32.85036pt x 30.32341pt.
[149 <./images/caution.png>] [150]
<images/note.png, id=1829, 62.2325pt x 62.2325pt>
File: images/note.png Graphic file (type png)
<use images/note.png>
Package pdftex.def Info: images/note.png  used on input line 4081.
(pdftex.def)             Requested size: 32.85011pt x 32.85011pt.
[151 <./images/note.png>] [152] [153] (./MATH60604A_Statistical_modelling.bbl [
154]) [155

] (./MATH60604A_Statistical_modelling.aux)

LaTeX Warning: There were undefined references.

Package rerunfilecheck Info: File `MATH60604A_Statistical_modelling.out' has no
t changed.
(rerunfilecheck)             Checksum: 39CDB4E3BE0B6A2066A25E2D38212E1B;7473.
 ) 
Here is how much of TeX's memory you used:
 14274 strings out of 480934
 223548 string characters out of 5906313
 536502 words of memory out of 5000000
 30617 multiletter control sequences out of 15000+600000
 567891 words of font info for 120 fonts, out of 8000000 for 9000
 14 hyphenation exceptions out of 8191
 71i,17n,74p,1304b,482s stack positions out of 5000i,500n,10000p,200000b,80000s
{/home/lbelzile/.TinyTeX/texmf-dist/fonts/enc/dvips/lm/lm-ec.enc}{/home/lbelz
ile/.TinyTeX/texmf-dist/fonts/enc/dvips/base/8r.enc}{/home/lbelzile/.TinyTeX/te
xmf-dist/fonts/enc/dvips/lm/lm-rm.enc}{/home/lbelzile/.TinyTeX/texmf-dist/fonts
/enc/dvips/lm/lm-mathit.enc}{/home/lbelzile/.TinyTeX/texmf-dist/fonts/enc/dvips
/lm/lm-mathsy.enc}{/home/lbelzile/.TinyTeX/texmf-dist/fonts/enc/dvips/lm/lm-mat
hex.enc}</home/lbelzile/.TinyTeX/texmf-dist/fonts/type1/public/amsfonts/cm/cmcs
c10.pfb></home/lbelzile/.TinyTeX/texmf-dist/fonts/type1/public/amsfonts/cm/cmmi
10.pfb></home/lbelzile/.TinyTeX/texmf-dist/fonts/type1/public/amsfonts/cm/cmr10
.pfb></home/lbelzile/.TinyTeX/texmf-dist/fonts/type1/public/amsfonts/cm/cmr7.pf
b></home/lbelzile/.TinyTeX/texmf-dist/fonts/type1/public/amsfonts/cm/cmr8.pfb><
/home/lbelzile/.TinyTeX/texmf-dist/fonts/type1/public/amsfonts/cm/cmsy10.pfb></
home/lbelzile/.TinyTeX/texmf-dist/fonts/type1/public/amsfonts/cm/cmsy8.pfb></ho
me/lbelzile/.TinyTeX/texmf-dist/fonts/type1/public/amsfonts/euler/eufm10.pfb></
home/lbelzile/.TinyTeX/texmf-dist/fonts/type1/public/lm/lmbx10.pfb></home/lbelz
ile/.TinyTeX/texmf-dist/fonts/type1/public/lm/lmbx8.pfb></home/lbelzile/.TinyTe
X/texmf-dist/fonts/type1/public/lm/lmex10.pfb></home/lbelzile/.TinyTeX/texmf-di
st/fonts/type1/public/lm/lmmi10.pfb></home/lbelzile/.TinyTeX/texmf-dist/fonts/t
ype1/public/lm/lmmi6.pfb></home/lbelzile/.TinyTeX/texmf-dist/fonts/type1/public
/lm/lmmi8.pfb></home/lbelzile/.TinyTeX/texmf-dist/fonts/type1/public/lm/lmmib10
.pfb></home/lbelzile/.TinyTeX/texmf-dist/fonts/type1/public/lm/lmr10.pfb></home
/lbelzile/.TinyTeX/texmf-dist/fonts/type1/public/lm/lmr6.pfb></home/lbelzile/.T
inyTeX/texmf-dist/fonts/type1/public/lm/lmr8.pfb></home/lbelzile/.TinyTeX/texmf
-dist/fonts/type1/public/lm/lmss10.pfb></home/lbelzile/.TinyTeX/texmf-dist/font
s/type1/public/lm/lmss8.pfb></home/lbelzile/.TinyTeX/texmf-dist/fonts/type1/pub
lic/lm/lmsy10.pfb></home/lbelzile/.TinyTeX/texmf-dist/fonts/type1/public/lm/lms
y8.pfb></home/lbelzile/.TinyTeX/texmf-dist/fonts/type1/public/lm/lmtk10.pfb></h
ome/lbelzile/.TinyTeX/texmf-dist/fonts/type1/public/lm/lmtt10.pfb></home/lbelzi
le/.TinyTeX/texmf-dist/fonts/type1/public/lm/lmtt8.pfb></home/lbelzile/.TinyTeX
/texmf-dist/fonts/type1/public/lm/lmtti10.pfb></home/lbelzile/.TinyTeX/texmf-di
st/fonts/type1/public/lm/lmtto10.pfb></home/lbelzile/.TinyTeX/texmf-dist/fonts/
type1/public/amsfonts/symbols/msam10.pfb></home/lbelzile/.TinyTeX/texmf-dist/fo
nts/type1/public/amsfonts/symbols/msbm10.pfb></home/lbelzile/.TinyTeX/texmf-dis
t/fonts/type1/adobe/utopia/putb8a.pfb></home/lbelzile/.TinyTeX/texmf-dist/fonts
/type1/adobe/utopia/putb8a.pfb></home/lbelzile/.TinyTeX/texmf-dist/fonts/type1/
adobe/utopia/putbi8a.pfb></home/lbelzile/.TinyTeX/texmf-dist/fonts/type1/adobe/
utopia/putr8a.pfb></home/lbelzile/.TinyTeX/texmf-dist/fonts/type1/adobe/utopia/
putr8a.pfb></home/lbelzile/.TinyTeX/texmf-dist/fonts/type1/adobe/utopia/putri8a
.pfb></home/lbelzile/.TinyTeX/texmf-dist/fonts/type1/public/rsfs/rsfs10.pfb>
Output written on MATH60604A_Statistical_modelling.pdf (155 pages, 2617024 byte
s).
PDF statistics:
 2078 PDF objects out of 2487 (max. 8388607)
 1748 compressed objects within 18 object streams
 515 named destinations out of 1000 (max. 500000)
 653 words of extra memory for PDF output out of 10000 (max. 10000000)

